Remove Pin=Micro Controller1-5 From Net=GPIO2
Remove Pin=Micro Controller1-6 From Net=GPIO3
Remove Pin=Micro Controller1-8 From Net=EN
Remove Pin=Micro Controller1-12 From Net=GPIO0
Remove Pin=Micro Controller1-13 From Net=GPIO1
Remove Pin=Micro Controller1-23 From Net=GPIO9
Remove Pin=Micro Controller1-26 From Net=GPIO18
Remove Pin=Micro Controller1-27 From Net=GPIO19
Remove Pin=Micro Controller1-30 From Net=U0RXD
Remove Pin=Micro Controller1-31 From Net=U0TXD
Remove Pin=NPN1-1 From Net=CHIP_PU
Remove Pin=NPN2-1 From Net=GPIO9
Remove Pin=R4-2 From Net=GPIO2
Remove Pin=R5-2 From Net=GPIO3
Remove Pin=R8-2 From Net=GPIO0
Remove Pin=R9-2 From Net=GPIO1
Remove Pin=R27-1 From Net=DTR
Remove Pin=R28-1 From Net=RTS
Remove Pin=R33-1 From Net=U0RXD
Remove Pin=R34-1 From Net=U0TXD
Remove Pin=R35-2 From Net=USB_DN
Remove Pin=R36-2 From Net=GPIO18
Remove Pin=R37-2 From Net=GPIO19
Remove Pin=R38-2 From Net=USB_DP
Remove Pin=U3-4 From Net=USB_DN
Remove Pin=U3-5 From Net=USB_DP
Remove Pin=U3-24 From Net=RTS
Remove Pin=U3-28 From Net=DTR
