Change Physical Footprint: Designator=1 Old Footprint=BAT_1043 New Footprint=BAT_1043
Change Physical Footprint: Designator=Amplifier1 Old Footprint=DGK0008A_M New Footprint=DGK0008A_M
Change Physical Footprint: Designator=BOOT2 Old Footprint=SW_4-1437565-2 New Footprint=SW_4-1437565-2
Change Physical Footprint: Designator=C Old Footprint=CAPC1608X90N New Footprint=CAPC1608X90N
Change Physical Footprint: Designator=C1 Old Footprint=CAPC2012X88N New Footprint=CAPC2012X88N
Change Physical Footprint: Designator=C2 Old Footprint=CAPC1608X90X35NL10T15 New Footprint=CAPC1608X90X35NL10T15
Change Physical Footprint: Designator=C3 Old Footprint=CAPC1608X90N New Footprint=CAPC1608X90N
Change Physical Footprint: Designator=C4 Old Footprint=CAPC2012X88N New Footprint=CAPC2012X88N
Change Physical Footprint: Designator=C5 Old Footprint=CAPC2012X88N New Footprint=CAPC2012X88N
Change Physical Footprint: Designator=C6 Old Footprint=WCAP-CSGP_0805_L2W1.25H1.25 New Footprint=WCAP-CSGP_0805_L2W1.25H1.25
Change Physical Footprint: Designator=C7 Old Footprint=WCAP-CSGP_0805_L2W1.25H1.25 New Footprint=WCAP-CSGP_0805_L2W1.25H1.25
Change Physical Footprint: Designator=C8 Old Footprint=WCAP-CSGP_0805_L2W1.25H1.25 New Footprint=WCAP-CSGP_0805_L2W1.25H1.25
Change Physical Footprint: Designator=C9 Old Footprint=WCAP-CSGP_0805_L2W1.25H1.25 New Footprint=WCAP-CSGP_0805_L2W1.25H1.25
Change Physical Footprint: Designator=C10 Old Footprint=CAPC1608X90X35NL10T15 New Footprint=CAPC1608X90X35NL10T15
Change Physical Footprint: Designator=C11 Old Footprint=CAPC1608X90X35NL10T15 New Footprint=CAPC1608X90X35NL10T15
Change Physical Footprint: Designator=C12 Old Footprint=WCAP-CSGP_0805_L2W1.25H1.25 New Footprint=WCAP-CSGP_0805_L2W1.25H1.25
Change Physical Footprint: Designator=C13 Old Footprint=WCAP-CSGP_0805_L2W1.25H1.25 New Footprint=WCAP-CSGP_0805_L2W1.25H1.25
Change Physical Footprint: Designator=C14 Old Footprint=WCAP-CSGP_0805_L2W1.25H1.25 New Footprint=WCAP-CSGP_0805_L2W1.25H1.25
Change Physical Footprint: Designator=C15 Old Footprint=WCAP-CSGP_0805_L2W1.25H1.25 New Footprint=WCAP-CSGP_0805_L2W1.25H1.25
Change Physical Footprint: Designator=C16 Old Footprint=CAPC1608X90X35NL10T15 New Footprint=CAPC1608X90X35NL10T15
Change Physical Footprint: Designator=C17 Old Footprint=CAPC1608X90N New Footprint=CAPC1608X90N
Change Physical Footprint: Designator=C18 Old Footprint=CAPC1608X90X35NL10T15 New Footprint=CAPC1608X90X35NL10T15
Change Physical Footprint: Designator=C19 Old Footprint=CAPC1608X90X35NL10T15 New Footprint=CAPC1608X90X35NL10T15
Change Physical Footprint: Designator=C20 Old Footprint=WCAP-CSGP_0402_L1W0.5H0.5 New Footprint=WCAP-CSGP_0402_L1W0.5H0.5
Change Physical Footprint: Designator=C21 Old Footprint=WCAP-CSGP_0402_L1W0.5H0.5 New Footprint=WCAP-CSGP_0402_L1W0.5H0.5
Change Physical Footprint: Designator=C22 Old Footprint=CAPC2012X88N New Footprint=CAPC2012X88N
Change Physical Footprint: Designator=C23 Old Footprint=CAPC1608X90X35NL10T15 New Footprint=CAPC1608X90X35NL10T15
Change Physical Footprint: Designator=C24 Old Footprint=CAPC2012X88N New Footprint=CAPC2012X88N
Change Physical Footprint: Designator=C25 Old Footprint=CAPC2012X88N New Footprint=CAPC2012X88N
Change Physical Footprint: Designator=Connector1 Old Footprint=JST_B2B-XH-A New Footprint=JST_B2B-XH-A
Change Physical Footprint: Designator=D1 Old Footprint=SOD3715X145N New Footprint=SOD3715X145N
Change Physical Footprint: Designator=D2 Old Footprint=TVS_LESD5D5.0CT1G New Footprint=TVS_LESD5D5.0CT1G
Change Physical Footprint: Designator=D3 Old Footprint=TVS_LESD5D5.0CT1G New Footprint=TVS_LESD5D5.0CT1G
Change Physical Footprint: Designator=D4 Old Footprint=TVS_LESD5D5.0CT1G New Footprint=TVS_LESD5D5.0CT1G
Change Physical Footprint: Designator=DAC1 Old Footprint=SOT95P270X145-6N New Footprint=SOT95P270X145-6N
Change Physical Footprint: Designator=G_LED1 Old Footprint=LED3MM New Footprint=LED3MM
Change Physical Footprint: Designator=IR1 Old Footprint=4LEADSMD New Footprint=4LEADSMD
Change Physical Footprint: Designator=IR2 Old Footprint=4LEADSMD New Footprint=4LEADSMD
Change Physical Footprint: Designator=IR3 Old Footprint=4LEADSMD New Footprint=4LEADSMD
Change Physical Footprint: Designator=IR4 Old Footprint=4LEADSMD New Footprint=4LEADSMD
Change Physical Footprint: Designator=IR5 Old Footprint=4LEADSMD New Footprint=4LEADSMD
Change Physical Footprint: Designator=IR6 Old Footprint=4LEADSMD New Footprint=4LEADSMD
Change Physical Footprint: Designator=IR7 Old Footprint=4LEADSMD New Footprint=4LEADSMD
Change Physical Footprint: Designator=IR8 Old Footprint=4LEADSMD New Footprint=4LEADSMD
Change Physical Footprint: Designator=J1 Old Footprint=TE_1932788-1 New Footprint=TE_1932788-1
Change Physical Footprint: Designator=LDO1 Old Footprint=SOT95P237X112-3N New Footprint=SOT95P237X112-3N
Change Physical Footprint: Designator=Micro Controller1 Old Footprint=XCVR_ESP32-C3-MINI-1-N4 New Footprint=XCVR_ESP32-C3-MINI-1-N4
Change Physical Footprint: Designator=NPN1 Old Footprint=SOT-23 New Footprint=SOT-23
Change Physical Footprint: Designator=NPN2 Old Footprint=SOT-23 New Footprint=SOT-23
Change Physical Footprint: Designator=Q1 Old Footprint=SOP65P640X120-8N New Footprint=SOP65P640X120-8N
Change Physical Footprint: Designator=R1 Old Footprint=RESC1005X40N New Footprint=RESC1005X40N
Change Physical Footprint: Designator=R2 Old Footprint=RESC6432X75N New Footprint=RESC6432X75N
Change Physical Footprint: Designator=R3 Old Footprint=RESC6432X75N New Footprint=RESC6432X75N
Change Physical Footprint: Designator=R4 Old Footprint=RESC1005X35N New Footprint=RESC1005X35N
Change Physical Footprint: Designator=R5 Old Footprint=RESC1005X35N New Footprint=RESC1005X35N
Change Physical Footprint: Designator=R6 Old Footprint=RESC6432X75N New Footprint=RESC6432X75N
Change Physical Footprint: Designator=R7 Old Footprint=RESC6432X75N New Footprint=RESC6432X75N
Change Physical Footprint: Designator=R8 Old Footprint=RESC1005X35N New Footprint=RESC1005X35N
Change Physical Footprint: Designator=R9 Old Footprint=RESC1005X35N New Footprint=RESC1005X35N
Change Physical Footprint: Designator=R10 Old Footprint=RESC6432X75N New Footprint=RESC6432X75N
Change Physical Footprint: Designator=R11 Old Footprint=RESC6432X75N New Footprint=RESC6432X75N
Change Physical Footprint: Designator=R12 Old Footprint=RESC1005X35N New Footprint=RESC1005X35N
Change Physical Footprint: Designator=R13 Old Footprint=RESC1005X35N New Footprint=RESC1005X35N
Change Physical Footprint: Designator=R14 Old Footprint=RESC6432X75N New Footprint=RESC6432X75N
Change Physical Footprint: Designator=R15 Old Footprint=RESC6432X75N New Footprint=RESC6432X75N
Change Physical Footprint: Designator=R16 Old Footprint=RESC1005X35N New Footprint=RESC1005X35N
Change Physical Footprint: Designator=R17 Old Footprint=RESC1005X35N New Footprint=RESC1005X35N
Change Physical Footprint: Designator=R18 Old Footprint=RESC1005X40N New Footprint=RESC1005X40N
Change Physical Footprint: Designator=R19 Old Footprint=RESC1005X40N New Footprint=RESC1005X40N
Change Physical Footprint: Designator=R20 Old Footprint=RESC1005X40N New Footprint=RESC1005X40N
Change Physical Footprint: Designator=R21 Old Footprint=RESC1005X40N New Footprint=RESC1005X40N
Change Physical Footprint: Designator=R22 Old Footprint=RES_ERJU06F1001V New Footprint=RES_ERJU06F1001V
Change Physical Footprint: Designator=R23 Old Footprint=RESC1005X40N New Footprint=RESC1005X40N
Change Physical Footprint: Designator=R24 Old Footprint=RESC3126X65N New Footprint=RESC3126X65N
Change Physical Footprint: Designator=R25 Old Footprint=RESC3126X65N New Footprint=RESC3126X65N
Change Physical Footprint: Designator=R26 Old Footprint=RESC6432X75N New Footprint=RESC6432X75N
Change Physical Footprint: Designator=R27 Old Footprint=RESC1005X40N New Footprint=RESC1005X40N
Change Physical Footprint: Designator=R28 Old Footprint=RESC1005X40N New Footprint=RESC1005X40N
Change Physical Footprint: Designator=R29 Old Footprint=RES_ERJU06F1001V New Footprint=RES_ERJU06F1001V
Change Physical Footprint: Designator=R30 Old Footprint=RESC1005X40N New Footprint=RESC1005X40N
Change Physical Footprint: Designator=R31 Old Footprint=RES_ERJS02F2212X New Footprint=RES_ERJS02F2212X
Change Physical Footprint: Designator=R32 Old Footprint=RES_ERJU06F4752V New Footprint=RES_ERJU06F4752V
Change Physical Footprint: Designator=R33 Old Footprint=RESC1608X55N New Footprint=RESC1608X55N
Change Physical Footprint: Designator=R34 Old Footprint=RESC1608X55N New Footprint=RESC1608X55N
Change Physical Footprint: Designator=R35 Old Footprint=RESC1608X55N New Footprint=RESC1608X55N
Change Physical Footprint: Designator=R36 Old Footprint=RESC1608X55N New Footprint=RESC1608X55N
Change Physical Footprint: Designator=R37 Old Footprint=RESC1608X55N New Footprint=RESC1608X55N
Change Physical Footprint: Designator=R38 Old Footprint=RESC1608X55N New Footprint=RESC1608X55N
Change Physical Footprint: Designator=R_1 Old Footprint=RES_ERJU06F1001V New Footprint=RES_ERJU06F1001V
Change Physical Footprint: Designator=R_2 Old Footprint=RES_ERJU06F1001V New Footprint=RES_ERJU06F1001V
Change Physical Footprint: Designator=R_3 Old Footprint=RES_ERJU06F1001V New Footprint=RES_ERJU06F1001V
Change Physical Footprint: Designator=R_LED1 Old Footprint=LED3MM New Footprint=LED3MM
Change Physical Footprint: Designator=RESET Old Footprint=SW_4-1437565-2 New Footprint=SW_4-1437565-2
Change Physical Footprint: Designator=Speaker1 Old Footprint=SPKR_CVS-1508 New Footprint=SPKR_CVS-1508
Change Physical Footprint: Designator=U1 Old Footprint=SOP127P600X175-9N New Footprint=SOP127P600X175-9N
Change Physical Footprint: Designator=U2 Old Footprint=SOT95P280X145-6N New Footprint=SOT95P280X145-6N
Change Physical Footprint: Designator=U3 Old Footprint=QFN50P500X500X80-29N New Footprint=QFN50P500X500X80-29N
Change Physical Footprint: Designator=USB_Type_C1 Old Footprint=*CUI_UJ20-C-H-G-SMT-TR_UJ20-C-H-G-SMT-TR(Primary) New Footprint=*CUI_UJ20-C-H-G-SMT-TR_UJ20-C-H-G-SMT-TR(Primary)
