Change Component Designator: Old Designator=1 New Designator=?
Change Component Designator: Old Designator=BOOT New Designator=BOOT?
Change Component Designator: Old Designator=C4 New Designator=C?
Change Component Designator: Old Designator=C5 New Designator=C?
Change Component Designator: Old Designator=C6 New Designator=C?
Change Component Designator: Old Designator=C8 New Designator=C?
Change Component Designator: Old Designator=C9 New Designator=C?
Change Component Designator: Old Designator=C10 New Designator=C?
Change Component Designator: Old Designator=C11 New Designator=C?
Change Component Designator: Old Designator=C12 New Designator=C?
Change Component Designator: Old Designator=C13 New Designator=C?
Change Component Designator: Old Designator=Connector New Designator=Connector?
Change Component Designator: Old Designator=IR5 New Designator=IR?
Change Component Designator: Old Designator=IR6 New Designator=IR?
Change Component Designator: Old Designator=IR7 New Designator=IR?
Change Component Designator: Old Designator=IR8 New Designator=IR?
Change Component Designator: Old Designator=LDO1 New Designator=LDO?
Change Component Designator: Old Designator=Micro Controller New Designator=Micro Controller?
Change Component Designator: Old Designator=R9 New Designator=R?
Change Component Designator: Old Designator=R10 New Designator=R?
Change Component Designator: Old Designator=R11 New Designator=R?
Change Component Designator: Old Designator=R12 New Designator=R?
Change Component Designator: Old Designator=R13 New Designator=R?
Change Component Designator: Old Designator=R14 New Designator=R?
Change Component Designator: Old Designator=R15 New Designator=R?
Change Component Designator: Old Designator=R16 New Designator=R?
Change Component Designator: Old Designator=R17 New Designator=R?
Change Component Designator: Old Designator=RESET New Designator=RESET?
