Removed Pin From Net: NetName=VBUS Pin=J1-1
Removed Pin From Net: NetName=D- Pin=J1-2
Removed Pin From Net: NetName=D+ Pin=J1-3
Removed Pin From Net: NetName=GND Pin=J1-5
Removed Pin From Net: NetName=GND Pin=J1-SH1
Removed Pin From Net: NetName=GND Pin=J1-SH2
Removed Pin From Net: NetName=GND Pin=J1-SH3
Removed Pin From Net: NetName=GND Pin=J1-SH4
Removed Pin From Net: NetName=GND Pin=J1-SH5
Removed Pin From Net: NetName=GND Pin=J1-SH6
Added Component: Designator=J1(TE_1932788-1)
Add component (AddParameter): Name = "Availability"; Value = "Unavailable"; VariantName = "[No Variations]"
Add component (AddParameter): Name = "MF"; Value = ""; VariantName = "[No Variations]"
Add component (AddParameter): Name = "MP"; Value = "1932788-1"; VariantName = "[No Variations]"
Add component (AddParameter): Name = "Package"; Value = "None"; VariantName = "[No Variations]"
Add component (AddParameter): Name = "Price"; Value = "None"; VariantName = "[No Variations]"
Add component (AddParameter): Name = "Value"; Value = ""; VariantName = "[No Variations]"
Added Pin To Net: NetName=VBUS Pin=J1-1
Added Pin To Net: NetName=D- Pin=J1-2
Added Pin To Net: NetName=D+ Pin=J1-3
Added Pin To Net: NetName=GND Pin=J1-5
Added Pin To Net: NetName=GND Pin=J1-SH1
Added Pin To Net: NetName=GND Pin=J1-SH2
Added Pin To Net: NetName=GND Pin=J1-SH3
Added Pin To Net: NetName=GND Pin=J1-SH4
Added Pin To Net: NetName=GND Pin=J1-SH5
Added Pin To Net: NetName=GND Pin=J1-SH6
