Removed Pin From Net: NetName=3.7V Pin=1-P
Removed Pin From Net: NetName=GND Pin=C20-1
Removed Pin From Net: NetName=GND Pin=C21-2
Removed Pin From Net: NetName=GND Pin=Connector1-2
Removed Pin From Net: NetName=GND Pin=Q1-2
Removed Pin From Net: NetName=GND Pin=Q1-3
Removed Pin From Net: NetName=GND Pin=U2-6
Change Component Description : Designator=R1 Old Description=CRG0402 chip resistor,10K 5% 0.063W New Description=CRG0402 chip resistor,10K 5% 0.063W | TE Connectivity CRG0402J10K/10
Change Component Description : Designator=R18 Old Description=CRG0402 chip resistor,10K 5% 0.063W New Description=CRG0402 chip resistor,10K 5% 0.063W | TE Connectivity CRG0402J10K/10
Change Component Description : Designator=R19 Old Description=CRG0402 chip resistor,10K 5% 0.063W New Description=CRG0402 chip resistor,10K 5% 0.063W | TE Connectivity CRG0402J10K/10
Change Component Description : Designator=R20 Old Description=CRG0402 chip resistor,10K 5% 0.063W New Description=CRG0402 chip resistor,10K 5% 0.063W | TE Connectivity CRG0402J10K/10
Change Component Description : Designator=R21 Old Description=CRG0402 chip resistor,10K 5% 0.063W New Description=CRG0402 chip resistor,10K 5% 0.063W | TE Connectivity CRG0402J10K/10
Change Component Description : Designator=R23 Old Description=CRG0402 chip resistor,10K 5% 0.063W New Description=CRG0402 chip resistor,10K 5% 0.063W | TE Connectivity CRG0402J10K/10
Change Component Description : Designator=R27 Old Description=CRG0402 chip resistor,10K 5% 0.063W New Description=CRG0402 chip resistor,10K 5% 0.063W | TE Connectivity CRG0402J10K/10
Change Component Description : Designator=R28 Old Description=CRG0402 chip resistor,10K 5% 0.063W New Description=CRG0402 chip resistor,10K 5% 0.063W | TE Connectivity CRG0402J10K/10
Change Component Description : Designator=R30 Old Description=CRG0402 chip resistor,10K 5% 0.063W New Description=CRG0402 chip resistor,10K 5% 0.063W | TE Connectivity CRG0402J10K/10
Change Component Description : Designator=R2 Old Description=CRS Series Anti-surge Resistor 2512 Case 100Ohms 2W +/-100ppm/degC New Description=CRS Series Anti-surge Resistor 2512 Case 100Ohms 2W +/-100ppm/degC | Bourns CRS2512-FX-1000ELF
Change Component Description : Designator=R3 Old Description=CRS Series Anti-surge Resistor 2512 Case 100Ohms 2W +/-100ppm/degC New Description=CRS Series Anti-surge Resistor 2512 Case 100Ohms 2W +/-100ppm/degC | Bourns CRS2512-FX-1000ELF
Change Component Description : Designator=R6 Old Description=CRS Series Anti-surge Resistor 2512 Case 100Ohms 2W +/-100ppm/degC New Description=CRS Series Anti-surge Resistor 2512 Case 100Ohms 2W +/-100ppm/degC | Bourns CRS2512-FX-1000ELF
Change Component Description : Designator=R7 Old Description=CRS Series Anti-surge Resistor 2512 Case 100Ohms 2W +/-100ppm/degC New Description=CRS Series Anti-surge Resistor 2512 Case 100Ohms 2W +/-100ppm/degC | Bourns CRS2512-FX-1000ELF
Change Component Description : Designator=R10 Old Description=CRS Series Anti-surge Resistor 2512 Case 100Ohms 2W +/-100ppm/degC New Description=CRS Series Anti-surge Resistor 2512 Case 100Ohms 2W +/-100ppm/degC | Bourns CRS2512-FX-1000ELF
Change Component Description : Designator=R11 Old Description=CRS Series Anti-surge Resistor 2512 Case 100Ohms 2W +/-100ppm/degC New Description=CRS Series Anti-surge Resistor 2512 Case 100Ohms 2W +/-100ppm/degC | Bourns CRS2512-FX-1000ELF
Change Component Description : Designator=R14 Old Description=CRS Series Anti-surge Resistor 2512 Case 100Ohms 2W +/-100ppm/degC New Description=CRS Series Anti-surge Resistor 2512 Case 100Ohms 2W +/-100ppm/degC | Bourns CRS2512-FX-1000ELF
Change Component Description : Designator=R15 Old Description=CRS Series Anti-surge Resistor 2512 Case 100Ohms 2W +/-100ppm/degC New Description=CRS Series Anti-surge Resistor 2512 Case 100Ohms 2W +/-100ppm/degC | Bourns CRS2512-FX-1000ELF
Change Component Description : Designator=R26 Old Description=CRS Series Anti-surge Resistor 2512 Case 100Ohms 2W +/-100ppm/degC New Description=CRS Series Anti-surge Resistor 2512 Case 100Ohms 2W +/-100ppm/degC | Bourns CRS2512-FX-1000ELF
Change Component Description : Designator=DAC1 Old Description=IC, OUTPUT D/A CONVERTER;8-BIT W/EEPROM & I2C INTERFACE;-40 TO 125C;SOT23 New Description=IC, OUTPUT D/A CONVERTER;8-BIT W/EEPROM & I2C INTERFACE;-40 TO 125C;SOT23 | Microchip Technology Inc. MCP4706A0T-E/CH
Change Component Description : Designator=R4 Old Description=Resistencia de pel铆cula delgada de precisi贸n SMD, carcasa 0402, 220 ohmios +/-0,1 %, 063 W +/-25 ppm/C New Description=Resistencia de pel铆cula delgada de precisi贸n SMD, carcasa 0402, 220 ohmios +/-0,1 %, 063 W +/-25 ppm/C | TE Connectivity CPF0402B220RE1
Change Component Description : Designator=R5 Old Description=Resistencia de pel铆cula delgada de precisi贸n SMD, carcasa 0402, 220 ohmios +/-0,1 %, 063 W +/-25 ppm/C New Description=Resistencia de pel铆cula delgada de precisi贸n SMD, carcasa 0402, 220 ohmios +/-0,1 %, 063 W +/-25 ppm/C | TE Connectivity CPF0402B220RE1
Change Component Description : Designator=R8 Old Description=Resistencia de pel铆cula delgada de precisi贸n SMD, carcasa 0402, 220 ohmios +/-0,1 %, 063 W +/-25 ppm/C New Description=Resistencia de pel铆cula delgada de precisi贸n SMD, carcasa 0402, 220 ohmios +/-0,1 %, 063 W +/-25 ppm/C | TE Connectivity CPF0402B220RE1
Change Component Description : Designator=R9 Old Description=Resistencia de pel铆cula delgada de precisi贸n SMD, carcasa 0402, 220 ohmios +/-0,1 %, 063 W +/-25 ppm/C New Description=Resistencia de pel铆cula delgada de precisi贸n SMD, carcasa 0402, 220 ohmios +/-0,1 %, 063 W +/-25 ppm/C | TE Connectivity CPF0402B220RE1
Change Component Description : Designator=R12 Old Description=Resistencia de pel铆cula delgada de precisi贸n SMD, carcasa 0402, 220 ohmios +/-0,1 %, 063 W +/-25 ppm/C New Description=Resistencia de pel铆cula delgada de precisi贸n SMD, carcasa 0402, 220 ohmios +/-0,1 %, 063 W +/-25 ppm/C | TE Connectivity CPF0402B220RE1
Change Component Description : Designator=R13 Old Description=Resistencia de pel铆cula delgada de precisi贸n SMD, carcasa 0402, 220 ohmios +/-0,1 %, 063 W +/-25 ppm/C New Description=Resistencia de pel铆cula delgada de precisi贸n SMD, carcasa 0402, 220 ohmios +/-0,1 %, 063 W +/-25 ppm/C | TE Connectivity CPF0402B220RE1
Change Component Description : Designator=R16 Old Description=Resistencia de pel铆cula delgada de precisi贸n SMD, carcasa 0402, 220 ohmios +/-0,1 %, 063 W +/-25 ppm/C New Description=Resistencia de pel铆cula delgada de precisi贸n SMD, carcasa 0402, 220 ohmios +/-0,1 %, 063 W +/-25 ppm/C | TE Connectivity CPF0402B220RE1
Change Component Description : Designator=R17 Old Description=Resistencia de pel铆cula delgada de precisi贸n SMD, carcasa 0402, 220 ohmios +/-0,1 %, 063 W +/-25 ppm/C New Description=Resistencia de pel铆cula delgada de precisi贸n SMD, carcasa 0402, 220 ohmios +/-0,1 %, 063 W +/-25 ppm/C | TE Connectivity CPF0402B220RE1
Change component parameters: Designator = "LDO1" ("LDO1"); Footprint = "SOT95P237X112-3N"; UniqueID = "\ZWRXGVWZ" ("\ZWRXGVWZ")
Change component parameters (AddParameter): Name = "Availability"; Value = "Unavailable"; VariantName = "[No Variations]"
Change component parameters (AddParameter): Name = "Capacitance"; Value = "10uF"; VariantName = "[No Variations]"
Change component parameters (AddParameter): Name = "Case Code (Imperial)"; Value = "0603"; VariantName = "[No Variations]"
Change component parameters (AddParameter): Name = "Case Code (Metric)"; Value = "1608"; VariantName = "[No Variations]"
Change component parameters (AddParameter): Name = "Case/Package"; Value = "0603"; VariantName = "[No Variations]"
Change component parameters (AddParameter): Name = "Category"; Value = "Ceramic Capacitors"; VariantName = "[No Variations]"
Change component parameters (AddParameter): Name = "ComponentLink1Description"; Value = "https://datasheet.ciiva.com/25766/cl10a106ma8nrnc-25766562.pdf?src-supplier=Digikey"; VariantName = "[No Variations]"
Change component parameters (AddParameter): Name = "ComponentLink1URL"; Value = "https://datasheet.ciiva.com/25766/cl10a106ma8nrnc-25766562.pdf?src-supplier=Digikey"; VariantName = "[No Variations]"
Change component parameters (AddParameter): Name = "Height"; Value = "900um"; VariantName = "[No Variations]"
Change component parameters (AddParameter): Name = "Lead Free"; Value = "Lead Free"; VariantName = "[No Variations]"
Change component parameters (AddParameter): Name = "Manufacturer"; Value = "Samsung"; VariantName = "[No Variations]"
Change component parameters (AddParameter): Name = "Manufacturer Part Number"; Value = "CL10A106MA8NRNC"; VariantName = "[No Variations]"
Change component parameters (AddParameter): Name = "Material"; Value = "Ceramic"; VariantName = "[No Variations]"
Change component parameters (AddParameter): Name = "Max Operating Temperature"; Value = "85C"; VariantName = "[No Variations]"
Change component parameters (AddParameter): Name = "MF"; Value = "Microchip"; VariantName = "[No Variations]"
Change component parameters (AddParameter): Name = "Min Operating Temperature"; Value = "-55C"; VariantName = "[No Variations]"
Change component parameters (AddParameter): Name = "Mount"; Value = "Surface Mount"; VariantName = "[No Variations]"
Change component parameters (AddParameter): Name = "MP"; Value = "MCP1700T-3002E/TT"; VariantName = "[No Variations]"
Change component parameters (AddParameter): Name = "Package"; Value = "SOT-23 Microchip"; VariantName = "[No Variations]"
Change component parameters (AddParameter): Name = "Packaging"; Value = "Cut Tape"; VariantName = "[No Variations]"
Change component parameters (AddParameter): Name = "Price"; Value = "None"; VariantName = "[No Variations]"
Change component parameters (AddParameter): Name = "Pricing 1"; Value = "4000=0.01575 (USD)"; VariantName = "[No Variations]"
Change component parameters (AddParameter): Name = "RoHS"; Value = "Yes"; VariantName = "[No Variations]"
Change component parameters (AddParameter): Name = "RoHS Compliant"; Value = "Yes"; VariantName = "[No Variations]"
Change component parameters (AddParameter): Name = "Series"; Value = "CL"; VariantName = "[No Variations]"
Change component parameters (AddParameter): Name = "SnapEDA_Link"; Value = "https://www.snapeda.com/parts/MCP1700T-3002E/TT/Microchip/view-part/48518/?ref=snap"; VariantName = "[No Variations]"
Change component parameters (AddParameter): Name = "Stock 1"; Value = "9192000"; VariantName = "[No Variations]"
Change component parameters (AddParameter): Name = "Supplier 1"; Value = "Avnet"; VariantName = "[No Variations]"
Change component parameters (AddParameter): Name = "Tolerance"; Value = "20%"; VariantName = "[No Variations]"
Change component parameters (AddParameter): Name = "Value"; Value = ""; VariantName = "[No Variations]"
Change component parameters (AddParameter): Name = "Voltage Rating"; Value = "25V"; VariantName = "[No Variations]"
Change Net Name : Old Net Name=3.7V New Net Name=NetC4_1
Added Pin To Net: NetName=NetC21_2 Pin=C21-2
Added Pin To Net: NetName=NetC21_2 Pin=Connector1-2
Added Pin To Net: NetName=NetC21_2 Pin=Q1-2
Added Pin To Net: NetName=NetC21_2 Pin=Q1-3
Added Pin To Net: NetName=NetC21_2 Pin=U2-6
Added Net: Name=NetC21_2
