Removed Pin From Net: NetName=5V_VCC Pin=C15-2
Removed Pin From Net: NetName=5V_VCC Pin=C16-1
Removed Pin From Net: NetName=5V_VCC Pin=Q1-2
Removed Pin From Net: NetName=5V_VCC Pin=Q1-3
Removed Pin From Net: NetName=5V_VCC Pin=R21-2
Removed Pin From Net: NetName=5V_VCC Pin=U2-6
Added Pin To Net: NetName=GND Pin=C15-2
Added Pin To Net: NetName=3.7V Pin=C16-1
Added Pin To Net: NetName=GND Pin=IR8-E
Added Pin To Net: NetName=GND Pin=IR8-K
Added Pin To Net: NetName=GND Pin=LDO1-1
Added Pin To Net: NetName=GND Pin=Micro Controller-1
Added Pin To Net: NetName=GND Pin=Micro Controller-2
Added Pin To Net: NetName=GND Pin=Micro Controller-11
Added Pin To Net: NetName=GND Pin=Micro Controller-14
Added Pin To Net: NetName=GND Pin=Micro Controller-36
Added Pin To Net: NetName=GND Pin=Micro Controller-37
Added Pin To Net: NetName=GND Pin=Micro Controller-38
Added Pin To Net: NetName=GND Pin=Micro Controller-39
Added Pin To Net: NetName=GND Pin=Micro Controller-40
Added Pin To Net: NetName=GND Pin=Micro Controller-41
Added Pin To Net: NetName=GND Pin=Micro Controller-42
Added Pin To Net: NetName=GND Pin=Micro Controller-43
Added Pin To Net: NetName=GND Pin=Micro Controller-44
Added Pin To Net: NetName=GND Pin=Micro Controller-45
Added Pin To Net: NetName=GND Pin=Micro Controller-46
Added Pin To Net: NetName=GND Pin=Micro Controller-47
Added Pin To Net: NetName=GND Pin=Micro Controller-48
Added Pin To Net: NetName=GND Pin=Micro Controller-49_1
Added Pin To Net: NetName=GND Pin=Micro Controller-49_2
Added Pin To Net: NetName=GND Pin=Micro Controller-49_3
Added Pin To Net: NetName=GND Pin=Micro Controller-49_4
Added Pin To Net: NetName=GND Pin=Micro Controller-49_5
Added Pin To Net: NetName=GND Pin=Micro Controller-49_6
Added Pin To Net: NetName=GND Pin=Micro Controller-49_7
Added Pin To Net: NetName=GND Pin=Micro Controller-49_8
Added Pin To Net: NetName=GND Pin=Micro Controller-49_9
Added Pin To Net: NetName=GND Pin=Micro Controller-50
Added Pin To Net: NetName=GND Pin=Micro Controller-51
Added Pin To Net: NetName=GND Pin=Micro Controller-52
Added Pin To Net: NetName=GND Pin=Micro Controller-53
Added Pin To Net: NetName=GND Pin=Q1-2
Added Pin To Net: NetName=GND Pin=Q1-3
Added Pin To Net: NetName=3V3 Pin=R10-2
Added Pin To Net: NetName=3.7V Pin=R21-2
Added Pin To Net: NetName=GND Pin=U1-3
Added Pin To Net: NetName=3.7V Pin=U1-5
Added Pin To Net: NetName=GND Pin=U1-9
Added Pin To Net: NetName=GND Pin=U2-6
