Change Component Designator: Old Designator=BOOT New Designator=BOOT1
Change Component Designator: Old Designator=BOOT? New Designator=BOOT2
Change Component Designator: Old Designator=C6 New Designator=C2
Change Component Designator: Old Designator=C8 New Designator=C1
Change Component Designator: Old Designator=C9 New Designator=C7
Change Component Designator: Old Designator=C10 New Designator=C3
Change Component Designator: Old Designator=C11 New Designator=C6
Change Component Designator: Old Designator=C12 New Designator=C9
Change Component Designator: Old Designator=C13 New Designator=C8
Change Component Designator: Old Designator=C? New Designator=C10
Change Component Designator: Old Designator=C? New Designator=C11
Change Component Designator: Old Designator=Connector New Designator=Connector1
Change Component Designator: Old Designator=IR5 New Designator=IR2
Change Component Designator: Old Designator=IR6 New Designator=IR1
Change Component Designator: Old Designator=IR7 New Designator=IR4
Change Component Designator: Old Designator=IR8 New Designator=IR3
Change Component Designator: Old Designator=Micro Controller New Designator=Micro Controller1
Change Component Designator: Old Designator=R9 New Designator=R5
Change Component Designator: Old Designator=R10 New Designator=R1
Change Component Designator: Old Designator=R11 New Designator=R3
Change Component Designator: Old Designator=R12 New Designator=R4
Change Component Designator: Old Designator=R13 New Designator=R2
Change Component Designator: Old Designator=R14 New Designator=R9
Change Component Designator: Old Designator=R15 New Designator=R7
Change Component Designator: Old Designator=R16 New Designator=R8
Change Component Designator: Old Designator=R17 New Designator=R6
