Change Component Designator: OldDesignator=Connector NewDesignator=Connector1
Change Component Designator: OldDesignator=ESP32 NewDesignator=Micro Controller1
Change Component Designator: OldDesignator=USB_C NewDesignator=USB_Type_C1
Change Component Description : Designator=R1 Old Description=CRG0402 chip resistor,10K 5% 0.063W New Description=CRG0402 chip resistor,10K 5% 0.063W | TE Connectivity CRG0402J10K/10
Change Component Description : Designator=R18 Old Description=CRG0402 chip resistor,10K 5% 0.063W New Description=CRG0402 chip resistor,10K 5% 0.063W | TE Connectivity CRG0402J10K/10
Change Component Description : Designator=R19 Old Description=CRG0402 chip resistor,10K 5% 0.063W New Description=CRG0402 chip resistor,10K 5% 0.063W | TE Connectivity CRG0402J10K/10
Change Component Description : Designator=R20 Old Description=CRG0402 chip resistor,10K 5% 0.063W New Description=CRG0402 chip resistor,10K 5% 0.063W | TE Connectivity CRG0402J10K/10
Change Component Description : Designator=R21 Old Description=CRG0402 chip resistor,10K 5% 0.063W New Description=CRG0402 chip resistor,10K 5% 0.063W | TE Connectivity CRG0402J10K/10
Change Component Description : Designator=R23 Old Description=CRG0402 chip resistor,10K 5% 0.063W New Description=CRG0402 chip resistor,10K 5% 0.063W | TE Connectivity CRG0402J10K/10
Change Component Description : Designator=R27 Old Description=CRG0402 chip resistor,10K 5% 0.063W New Description=CRG0402 chip resistor,10K 5% 0.063W | TE Connectivity CRG0402J10K/10
Change Component Description : Designator=R28 Old Description=CRG0402 chip resistor,10K 5% 0.063W New Description=CRG0402 chip resistor,10K 5% 0.063W | TE Connectivity CRG0402J10K/10
Change Component Description : Designator=R30 Old Description=CRG0402 chip resistor,10K 5% 0.063W New Description=CRG0402 chip resistor,10K 5% 0.063W | TE Connectivity CRG0402J10K/10
Change Component Description : Designator=R2 Old Description=CRS Series Anti-surge Resistor 2512 Case 100Ohms 2W +/-100ppm/degC New Description=CRS Series Anti-surge Resistor 2512 Case 100Ohms 2W +/-100ppm/degC | Bourns CRS2512-FX-1000ELF
Change Component Description : Designator=R3 Old Description=CRS Series Anti-surge Resistor 2512 Case 100Ohms 2W +/-100ppm/degC New Description=CRS Series Anti-surge Resistor 2512 Case 100Ohms 2W +/-100ppm/degC | Bourns CRS2512-FX-1000ELF
Change Component Description : Designator=R6 Old Description=CRS Series Anti-surge Resistor 2512 Case 100Ohms 2W +/-100ppm/degC New Description=CRS Series Anti-surge Resistor 2512 Case 100Ohms 2W +/-100ppm/degC | Bourns CRS2512-FX-1000ELF
Change Component Description : Designator=R7 Old Description=CRS Series Anti-surge Resistor 2512 Case 100Ohms 2W +/-100ppm/degC New Description=CRS Series Anti-surge Resistor 2512 Case 100Ohms 2W +/-100ppm/degC | Bourns CRS2512-FX-1000ELF
Change Component Description : Designator=R10 Old Description=CRS Series Anti-surge Resistor 2512 Case 100Ohms 2W +/-100ppm/degC New Description=CRS Series Anti-surge Resistor 2512 Case 100Ohms 2W +/-100ppm/degC | Bourns CRS2512-FX-1000ELF
Change Component Description : Designator=R11 Old Description=CRS Series Anti-surge Resistor 2512 Case 100Ohms 2W +/-100ppm/degC New Description=CRS Series Anti-surge Resistor 2512 Case 100Ohms 2W +/-100ppm/degC | Bourns CRS2512-FX-1000ELF
Change Component Description : Designator=R14 Old Description=CRS Series Anti-surge Resistor 2512 Case 100Ohms 2W +/-100ppm/degC New Description=CRS Series Anti-surge Resistor 2512 Case 100Ohms 2W +/-100ppm/degC | Bourns CRS2512-FX-1000ELF
Change Component Description : Designator=R15 Old Description=CRS Series Anti-surge Resistor 2512 Case 100Ohms 2W +/-100ppm/degC New Description=CRS Series Anti-surge Resistor 2512 Case 100Ohms 2W +/-100ppm/degC | Bourns CRS2512-FX-1000ELF
Change Component Description : Designator=R26 Old Description=CRS Series Anti-surge Resistor 2512 Case 100Ohms 2W +/-100ppm/degC New Description=CRS Series Anti-surge Resistor 2512 Case 100Ohms 2W +/-100ppm/degC | Bourns CRS2512-FX-1000ELF
Change Component Description : Designator=DAC1 Old Description=IC, OUTPUT D/A CONVERTER;8-BIT W/EEPROM & I2C INTERFACE;-40 TO 125C;SOT23 New Description=IC, OUTPUT D/A CONVERTER;8-BIT W/EEPROM & I2C INTERFACE;-40 TO 125C;SOT23 | Microchip Technology Inc. MCP4706A0T-E/CH
Change Component Description : Designator=R4 Old Description=Resistencia de película delgada de precisión SMD, carcasa 0402, 220 ohmios +/-0,1 %, 063 W +/-25 ppm/C New Description=Resistencia de película delgada de precisión SMD, carcasa 0402, 220 ohmios +/-0,1 %, 063 W +/-25 ppm/C | TE Connectivity CPF0402B220RE1
Change Component Description : Designator=R5 Old Description=Resistencia de película delgada de precisión SMD, carcasa 0402, 220 ohmios +/-0,1 %, 063 W +/-25 ppm/C New Description=Resistencia de película delgada de precisión SMD, carcasa 0402, 220 ohmios +/-0,1 %, 063 W +/-25 ppm/C | TE Connectivity CPF0402B220RE1
Change Component Description : Designator=R8 Old Description=Resistencia de película delgada de precisión SMD, carcasa 0402, 220 ohmios +/-0,1 %, 063 W +/-25 ppm/C New Description=Resistencia de película delgada de precisión SMD, carcasa 0402, 220 ohmios +/-0,1 %, 063 W +/-25 ppm/C | TE Connectivity CPF0402B220RE1
Change Component Description : Designator=R9 Old Description=Resistencia de película delgada de precisión SMD, carcasa 0402, 220 ohmios +/-0,1 %, 063 W +/-25 ppm/C New Description=Resistencia de película delgada de precisión SMD, carcasa 0402, 220 ohmios +/-0,1 %, 063 W +/-25 ppm/C | TE Connectivity CPF0402B220RE1
Change Component Description : Designator=R12 Old Description=Resistencia de película delgada de precisión SMD, carcasa 0402, 220 ohmios +/-0,1 %, 063 W +/-25 ppm/C New Description=Resistencia de película delgada de precisión SMD, carcasa 0402, 220 ohmios +/-0,1 %, 063 W +/-25 ppm/C | TE Connectivity CPF0402B220RE1
Change Component Description : Designator=R13 Old Description=Resistencia de película delgada de precisión SMD, carcasa 0402, 220 ohmios +/-0,1 %, 063 W +/-25 ppm/C New Description=Resistencia de película delgada de precisión SMD, carcasa 0402, 220 ohmios +/-0,1 %, 063 W +/-25 ppm/C | TE Connectivity CPF0402B220RE1
Change Component Description : Designator=R16 Old Description=Resistencia de película delgada de precisión SMD, carcasa 0402, 220 ohmios +/-0,1 %, 063 W +/-25 ppm/C New Description=Resistencia de película delgada de precisión SMD, carcasa 0402, 220 ohmios +/-0,1 %, 063 W +/-25 ppm/C | TE Connectivity CPF0402B220RE1
Change Component Description : Designator=R17 Old Description=Resistencia de película delgada de precisión SMD, carcasa 0402, 220 ohmios +/-0,1 %, 063 W +/-25 ppm/C New Description=Resistencia de película delgada de precisión SMD, carcasa 0402, 220 ohmios +/-0,1 %, 063 W +/-25 ppm/C | TE Connectivity CPF0402B220RE1
