Change Component Description : Designator=R1 Old Description=CRG0402 chip resistor,10K 5% 0.063W New Description=CRG0402 chip resistor,10K 5% 0.063W | TE Connectivity CRG0402J10K/10
Change Component Description : Designator=R18 Old Description=CRG0402 chip resistor,10K 5% 0.063W New Description=CRG0402 chip resistor,10K 5% 0.063W | TE Connectivity CRG0402J10K/10
Change Component Description : Designator=R19 Old Description=CRG0402 chip resistor,10K 5% 0.063W New Description=CRG0402 chip resistor,10K 5% 0.063W | TE Connectivity CRG0402J10K/10
Change Component Description : Designator=R20 Old Description=CRG0402 chip resistor,10K 5% 0.063W New Description=CRG0402 chip resistor,10K 5% 0.063W | TE Connectivity CRG0402J10K/10
Change Component Description : Designator=R21 Old Description=CRG0402 chip resistor,10K 5% 0.063W New Description=CRG0402 chip resistor,10K 5% 0.063W | TE Connectivity CRG0402J10K/10
Change Component Description : Designator=R23 Old Description=CRG0402 chip resistor,10K 5% 0.063W New Description=CRG0402 chip resistor,10K 5% 0.063W | TE Connectivity CRG0402J10K/10
Change Component Description : Designator=R27 Old Description=CRG0402 chip resistor,10K 5% 0.063W New Description=CRG0402 chip resistor,10K 5% 0.063W | TE Connectivity CRG0402J10K/10
Change Component Description : Designator=R28 Old Description=CRG0402 chip resistor,10K 5% 0.063W New Description=CRG0402 chip resistor,10K 5% 0.063W | TE Connectivity CRG0402J10K/10
Change Component Description : Designator=R30 Old Description=CRG0402 chip resistor,10K 5% 0.063W New Description=CRG0402 chip resistor,10K 5% 0.063W | TE Connectivity CRG0402J10K/10
Change Component Description : Designator=R2 Old Description=CRS Series Anti-surge Resistor 2512 Case 100Ohms 2W +/-100ppm/degC New Description=CRS Series Anti-surge Resistor 2512 Case 100Ohms 2W +/-100ppm/degC | Bourns CRS2512-FX-1000ELF
Change Component Description : Designator=R3 Old Description=CRS Series Anti-surge Resistor 2512 Case 100Ohms 2W +/-100ppm/degC New Description=CRS Series Anti-surge Resistor 2512 Case 100Ohms 2W +/-100ppm/degC | Bourns CRS2512-FX-1000ELF
Change Component Description : Designator=R6 Old Description=CRS Series Anti-surge Resistor 2512 Case 100Ohms 2W +/-100ppm/degC New Description=CRS Series Anti-surge Resistor 2512 Case 100Ohms 2W +/-100ppm/degC | Bourns CRS2512-FX-1000ELF
Change Component Description : Designator=R7 Old Description=CRS Series Anti-surge Resistor 2512 Case 100Ohms 2W +/-100ppm/degC New Description=CRS Series Anti-surge Resistor 2512 Case 100Ohms 2W +/-100ppm/degC | Bourns CRS2512-FX-1000ELF
Change Component Description : Designator=R10 Old Description=CRS Series Anti-surge Resistor 2512 Case 100Ohms 2W +/-100ppm/degC New Description=CRS Series Anti-surge Resistor 2512 Case 100Ohms 2W +/-100ppm/degC | Bourns CRS2512-FX-1000ELF
Change Component Description : Designator=R11 Old Description=CRS Series Anti-surge Resistor 2512 Case 100Ohms 2W +/-100ppm/degC New Description=CRS Series Anti-surge Resistor 2512 Case 100Ohms 2W +/-100ppm/degC | Bourns CRS2512-FX-1000ELF
Change Component Description : Designator=R14 Old Description=CRS Series Anti-surge Resistor 2512 Case 100Ohms 2W +/-100ppm/degC New Description=CRS Series Anti-surge Resistor 2512 Case 100Ohms 2W +/-100ppm/degC | Bourns CRS2512-FX-1000ELF
Change Component Description : Designator=R15 Old Description=CRS Series Anti-surge Resistor 2512 Case 100Ohms 2W +/-100ppm/degC New Description=CRS Series Anti-surge Resistor 2512 Case 100Ohms 2W +/-100ppm/degC | Bourns CRS2512-FX-1000ELF
Change Component Description : Designator=R26 Old Description=CRS Series Anti-surge Resistor 2512 Case 100Ohms 2W +/-100ppm/degC New Description=CRS Series Anti-surge Resistor 2512 Case 100Ohms 2W +/-100ppm/degC | Bourns CRS2512-FX-1000ELF
Change Component Description : Designator=DAC1 Old Description=IC, OUTPUT D/A CONVERTER;8-BIT W/EEPROM & I2C INTERFACE;-40 TO 125C;SOT23 New Description=IC, OUTPUT D/A CONVERTER;8-BIT W/EEPROM & I2C INTERFACE;-40 TO 125C;SOT23 | Microchip Technology Inc. MCP4706A0T-E/CH
Change Component Description : Designator=R4 Old Description=Resistencia de película delgada de precisión SMD, carcasa 0402, 220 ohmios +/-0,1 %, 063 W +/-25 ppm/C New Description=Resistencia de película delgada de precisión SMD, carcasa 0402, 220 ohmios +/-0,1 %, 063 W +/-25 ppm/C | TE Connectivity CPF0402B220RE1
Change Component Description : Designator=R5 Old Description=Resistencia de película delgada de precisión SMD, carcasa 0402, 220 ohmios +/-0,1 %, 063 W +/-25 ppm/C New Description=Resistencia de película delgada de precisión SMD, carcasa 0402, 220 ohmios +/-0,1 %, 063 W +/-25 ppm/C | TE Connectivity CPF0402B220RE1
Change Component Description : Designator=R8 Old Description=Resistencia de película delgada de precisión SMD, carcasa 0402, 220 ohmios +/-0,1 %, 063 W +/-25 ppm/C New Description=Resistencia de película delgada de precisión SMD, carcasa 0402, 220 ohmios +/-0,1 %, 063 W +/-25 ppm/C | TE Connectivity CPF0402B220RE1
Change Component Description : Designator=R9 Old Description=Resistencia de película delgada de precisión SMD, carcasa 0402, 220 ohmios +/-0,1 %, 063 W +/-25 ppm/C New Description=Resistencia de película delgada de precisión SMD, carcasa 0402, 220 ohmios +/-0,1 %, 063 W +/-25 ppm/C | TE Connectivity CPF0402B220RE1
Change Component Description : Designator=R12 Old Description=Resistencia de película delgada de precisión SMD, carcasa 0402, 220 ohmios +/-0,1 %, 063 W +/-25 ppm/C New Description=Resistencia de película delgada de precisión SMD, carcasa 0402, 220 ohmios +/-0,1 %, 063 W +/-25 ppm/C | TE Connectivity CPF0402B220RE1
Change Component Description : Designator=R13 Old Description=Resistencia de película delgada de precisión SMD, carcasa 0402, 220 ohmios +/-0,1 %, 063 W +/-25 ppm/C New Description=Resistencia de película delgada de precisión SMD, carcasa 0402, 220 ohmios +/-0,1 %, 063 W +/-25 ppm/C | TE Connectivity CPF0402B220RE1
Change Component Description : Designator=R16 Old Description=Resistencia de película delgada de precisión SMD, carcasa 0402, 220 ohmios +/-0,1 %, 063 W +/-25 ppm/C New Description=Resistencia de película delgada de precisión SMD, carcasa 0402, 220 ohmios +/-0,1 %, 063 W +/-25 ppm/C | TE Connectivity CPF0402B220RE1
Change Component Description : Designator=R17 Old Description=Resistencia de película delgada de precisión SMD, carcasa 0402, 220 ohmios +/-0,1 %, 063 W +/-25 ppm/C New Description=Resistencia de película delgada de precisión SMD, carcasa 0402, 220 ohmios +/-0,1 %, 063 W +/-25 ppm/C | TE Connectivity CPF0402B220RE1
Added Pin To Net: NetName=GND Pin=1-N
Added Pin To Net: NetName=3.7V Pin=1-P
Added Pin To Net: NetName=NetAmplifier1_1 Pin=Amplifier1-1
Added Pin To Net: NetName=NetAmplifier1_2 Pin=Amplifier1-2
Added Pin To Net: NetName=NetAmplifier1_2 Pin=Amplifier1-3
Added Pin To Net: NetName=NetAmplifier1_4 Pin=Amplifier1-4
Added Pin To Net: NetName=NetAmplifier1_5 Pin=Amplifier1-5
Added Pin To Net: NetName=3V3 Pin=Amplifier1-6
Added Pin To Net: NetName=GND Pin=Amplifier1-7
Added Pin To Net: NetName=NetAmplifier1_8 Pin=Amplifier1-8
Added Pin To Net: NetName=GND Pin=BOOT1-1
Added Pin To Net: NetName=GPIO9 Pin=BOOT1-4
Added Pin To Net: NetName=GND Pin=BOOT2-1
Added Pin To Net: NetName=CHIP_PU Pin=BOOT2-4
Added Pin To Net: NetName=GND Pin=C1-2
Added Pin To Net: NetName=3V3 Pin=C2-1
Added Pin To Net: NetName=GND Pin=C2-2
Added Pin To Net: NetName=EN Pin=C3-1
Added Pin To Net: NetName=GND Pin=C3-2
Added Pin To Net: NetName=3.7V Pin=C4-1
Added Pin To Net: NetName=GND Pin=C4-2
Added Pin To Net: NetName=3V3 Pin=C5-1
Added Pin To Net: NetName=GND Pin=C5-2
Added Pin To Net: NetName=3V3 Pin=C6-1
Added Pin To Net: NetName=NetC6_2 Pin=C6-2
Added Pin To Net: NetName=3V3 Pin=C7-1
Added Pin To Net: NetName=NetC7_2 Pin=C7-2
Added Pin To Net: NetName=3V3 Pin=C8-1
Added Pin To Net: NetName=NetC8_2 Pin=C8-2
Added Pin To Net: NetName=3V3 Pin=C9-1
Added Pin To Net: NetName=NetC9_2 Pin=C9-2
Added Pin To Net: NetName=GND Pin=C10-1
Added Pin To Net: NetName=GPIO9 Pin=C10-2
Added Pin To Net: NetName=GND Pin=C11-1
Added Pin To Net: NetName=CHIP_PU Pin=C11-2
Added Pin To Net: NetName=3V3 Pin=C12-1
Added Pin To Net: NetName=NetC12_2 Pin=C12-2
Added Pin To Net: NetName=3V3 Pin=C13-1
Added Pin To Net: NetName=NetC13_2 Pin=C13-2
Added Pin To Net: NetName=3V3 Pin=C14-1
Added Pin To Net: NetName=NetC14_2 Pin=C14-2
Added Pin To Net: NetName=3V3 Pin=C15-1
Added Pin To Net: NetName=NetC15_2 Pin=C15-2
Added Pin To Net: NetName=NetC16_1 Pin=C16-1
Added Pin To Net: NetName=NetC16_2 Pin=C16-2
Added Pin To Net: NetName=NetAmplifier1_2 Pin=C17-1
Added Pin To Net: NetName=GND Pin=C17-2
Added Pin To Net: NetName=3V3 Pin=C18-1
Added Pin To Net: NetName=GND Pin=C18-2
Added Pin To Net: NetName=NetC16_1 Pin=C19-1
Added Pin To Net: NetName=GND Pin=C19-2
Added Pin To Net: NetName=GND Pin=C20-1
Added Pin To Net: NetName=5V_VCC Pin=C20-2
Added Pin To Net: NetName=NetC21_1 Pin=C21-1
Added Pin To Net: NetName=GND Pin=C21-2
Added Pin To Net: NetName=3V3 Pin=C22-1
Added Pin To Net: NetName=GND Pin=C22-2
Added Pin To Net: NetName=GND Pin=C23-1
Added Pin To Net: NetName=3V3 Pin=C23-2
Added Pin To Net: NetName=3.7V Pin=C24-1
Added Pin To Net: NetName=GND Pin=C24-2
Added Pin To Net: NetName=3V3 Pin=C25-1
Added Pin To Net: NetName=GND Pin=C25-2
Added Pin To Net: NetName=NetC_1 Pin=C-1
Added Pin To Net: NetName=GND Pin=C-2
Added Pin To Net: NetName=3.7V Pin=Connector1-1
Added Pin To Net: NetName=GND Pin=Connector1-2
Added Pin To Net: NetName=VBUS Pin=D1-A
Added Pin To Net: NetName=5V_VCC Pin=D1-C
Added Pin To Net: NetName=GND Pin=D2-1
Added Pin To Net: NetName=D- Pin=D2-2
Added Pin To Net: NetName=VBUS Pin=D3-1
Added Pin To Net: NetName=GND Pin=D3-2
Added Pin To Net: NetName=GND Pin=D4-1
Added Pin To Net: NetName=D- Pin=D4-2
Added Pin To Net: NetName=NetC16_1 Pin=DAC1-1
Added Pin To Net: NetName=GND Pin=DAC1-2
Added Pin To Net: NetName=3V3 Pin=DAC1-3
Added Pin To Net: NetName=NetDAC1_4 Pin=DAC1-4
Added Pin To Net: NetName=NetDAC1_5 Pin=DAC1-5
Added Pin To Net: NetName=5V_VCC Pin=G_LED1-A
Added Pin To Net: NetName=NetG_LED1_K Pin=G_LED1-K
Added Pin To Net: NetName=NetIR1_A Pin=IR1-A
Added Pin To Net: NetName=NetC6_2 Pin=IR1-C
Added Pin To Net: NetName=GND Pin=IR1-E
Added Pin To Net: NetName=GND Pin=IR1-K
Added Pin To Net: NetName=NetIR2_A Pin=IR2-A
Added Pin To Net: NetName=NetC7_2 Pin=IR2-C
Added Pin To Net: NetName=GND Pin=IR2-E
Added Pin To Net: NetName=GND Pin=IR2-K
Added Pin To Net: NetName=NetIR3_A Pin=IR3-A
Added Pin To Net: NetName=NetC8_2 Pin=IR3-C
Added Pin To Net: NetName=GND Pin=IR3-E
Added Pin To Net: NetName=GND Pin=IR3-K
Added Pin To Net: NetName=NetIR4_A Pin=IR4-A
Added Pin To Net: NetName=NetC9_2 Pin=IR4-C
Added Pin To Net: NetName=GND Pin=IR4-E
Added Pin To Net: NetName=GND Pin=IR4-K
Added Pin To Net: NetName=NetIR5_A Pin=IR5-A
Added Pin To Net: NetName=NetC12_2 Pin=IR5-C
Added Pin To Net: NetName=GND Pin=IR5-E
Added Pin To Net: NetName=GND Pin=IR5-K
Added Pin To Net: NetName=NetIR6_A Pin=IR6-A
Added Pin To Net: NetName=NetC13_2 Pin=IR6-C
Added Pin To Net: NetName=GND Pin=IR6-E
Added Pin To Net: NetName=GND Pin=IR6-K
Added Pin To Net: NetName=NetIR7_A Pin=IR7-A
Added Pin To Net: NetName=NetC14_2 Pin=IR7-C
Added Pin To Net: NetName=GND Pin=IR7-E
Added Pin To Net: NetName=GND Pin=IR7-K
Added Pin To Net: NetName=NetIR8_A Pin=IR8-A
Added Pin To Net: NetName=NetC15_2 Pin=IR8-C
Added Pin To Net: NetName=GND Pin=IR8-E
Added Pin To Net: NetName=GND Pin=IR8-K
Added Pin To Net: NetName=VBUS Pin=J1-1
Added Pin To Net: NetName=D- Pin=J1-2
Added Pin To Net: NetName=D+ Pin=J1-3
Added Pin To Net: NetName=GND Pin=J1-5
Added Pin To Net: NetName=GND Pin=J1-SH1
Added Pin To Net: NetName=GND Pin=J1-SH2
Added Pin To Net: NetName=GND Pin=J1-SH3
Added Pin To Net: NetName=GND Pin=J1-SH4
Added Pin To Net: NetName=GND Pin=J1-SH5
Added Pin To Net: NetName=GND Pin=J1-SH6
Added Pin To Net: NetName=GND Pin=LDO1-1
Added Pin To Net: NetName=3V3 Pin=LDO1-2
Added Pin To Net: NetName=3.7V Pin=LDO1-3
Added Pin To Net: NetName=GND Pin=Micro Controller1-1
Added Pin To Net: NetName=GND Pin=Micro Controller1-2
Added Pin To Net: NetName=3V3 Pin=Micro Controller1-3
Added Pin To Net: NetName=GPIO2 Pin=Micro Controller1-5
Added Pin To Net: NetName=GPIO3 Pin=Micro Controller1-6
Added Pin To Net: NetName=EN Pin=Micro Controller1-8
Added Pin To Net: NetName=GND Pin=Micro Controller1-11
Added Pin To Net: NetName=GPIO0 Pin=Micro Controller1-12
Added Pin To Net: NetName=GPIO1 Pin=Micro Controller1-13
Added Pin To Net: NetName=GND Pin=Micro Controller1-14
Added Pin To Net: NetName=NetDAC1_5 Pin=Micro Controller1-16
Added Pin To Net: NetName=NetMicro Controller1_18 Pin=Micro Controller1-18
Added Pin To Net: NetName=NetMicro Controller1_19 Pin=Micro Controller1-19
Added Pin To Net: NetName=NetMicro Controller1_20 Pin=Micro Controller1-20
Added Pin To Net: NetName=NetMicro Controller1_21 Pin=Micro Controller1-21
Added Pin To Net: NetName=NetDAC1_4 Pin=Micro Controller1-22
Added Pin To Net: NetName=GPIO9 Pin=Micro Controller1-23
Added Pin To Net: NetName=GPIO18 Pin=Micro Controller1-26
Added Pin To Net: NetName=GPIO19 Pin=Micro Controller1-27
Added Pin To Net: NetName=U0RXD Pin=Micro Controller1-30
Added Pin To Net: NetName=U0TXD Pin=Micro Controller1-31
Added Pin To Net: NetName=GND Pin=Micro Controller1-36
Added Pin To Net: NetName=GND Pin=Micro Controller1-37
Added Pin To Net: NetName=GND Pin=Micro Controller1-38
Added Pin To Net: NetName=GND Pin=Micro Controller1-39
Added Pin To Net: NetName=GND Pin=Micro Controller1-40
Added Pin To Net: NetName=GND Pin=Micro Controller1-41
Added Pin To Net: NetName=GND Pin=Micro Controller1-42
Added Pin To Net: NetName=GND Pin=Micro Controller1-43
Added Pin To Net: NetName=GND Pin=Micro Controller1-44
Added Pin To Net: NetName=GND Pin=Micro Controller1-45
Added Pin To Net: NetName=GND Pin=Micro Controller1-46
Added Pin To Net: NetName=GND Pin=Micro Controller1-47
Added Pin To Net: NetName=GND Pin=Micro Controller1-48
Added Pin To Net: NetName=GND Pin=Micro Controller1-49_1
Added Pin To Net: NetName=GND Pin=Micro Controller1-49_2
Added Pin To Net: NetName=GND Pin=Micro Controller1-49_3
Added Pin To Net: NetName=GND Pin=Micro Controller1-49_4
Added Pin To Net: NetName=GND Pin=Micro Controller1-49_5
Added Pin To Net: NetName=GND Pin=Micro Controller1-49_6
Added Pin To Net: NetName=GND Pin=Micro Controller1-49_7
Added Pin To Net: NetName=GND Pin=Micro Controller1-49_8
Added Pin To Net: NetName=GND Pin=Micro Controller1-49_9
Added Pin To Net: NetName=GND Pin=Micro Controller1-50
Added Pin To Net: NetName=GND Pin=Micro Controller1-51
Added Pin To Net: NetName=GND Pin=Micro Controller1-52
Added Pin To Net: NetName=GND Pin=Micro Controller1-53
Added Pin To Net: NetName=CHIP_PU Pin=NPN1-1
Added Pin To Net: NetName=GPIO9 Pin=NPN2-1
Added Pin To Net: NetName=NetQ1_1 Pin=Q1-1
Added Pin To Net: NetName=GND Pin=Q1-2
Added Pin To Net: NetName=GND Pin=Q1-3
Added Pin To Net: NetName=NetQ1_4 Pin=Q1-4
Added Pin To Net: NetName=NetQ1_5 Pin=Q1-5
Added Pin To Net: NetName=GND Pin=Q1-6
Added Pin To Net: NetName=GND Pin=Q1-7
Added Pin To Net: NetName=NetQ1_1 Pin=Q1-8
Added Pin To Net: NetName=EN Pin=R1-1
Added Pin To Net: NetName=3V3 Pin=R1-2
Added Pin To Net: NetName=3V3 Pin=R2-1
Added Pin To Net: NetName=NetIR1_A Pin=R2-2
Added Pin To Net: NetName=3V3 Pin=R3-1
Added Pin To Net: NetName=NetIR2_A Pin=R3-2
Added Pin To Net: NetName=NetC6_2 Pin=R4-1
Added Pin To Net: NetName=GPIO2 Pin=R4-2
Added Pin To Net: NetName=NetC7_2 Pin=R5-1
Added Pin To Net: NetName=GPIO3 Pin=R5-2
Added Pin To Net: NetName=3V3 Pin=R6-1
Added Pin To Net: NetName=NetIR3_A Pin=R6-2
Added Pin To Net: NetName=3V3 Pin=R7-1
Added Pin To Net: NetName=NetIR4_A Pin=R7-2
Added Pin To Net: NetName=NetC8_2 Pin=R8-1
Added Pin To Net: NetName=GPIO0 Pin=R8-2
Added Pin To Net: NetName=NetC9_2 Pin=R9-1
Added Pin To Net: NetName=GPIO1 Pin=R9-2
Added Pin To Net: NetName=3V3 Pin=R10-1
Added Pin To Net: NetName=NetIR5_A Pin=R10-2
Added Pin To Net: NetName=3V3 Pin=R11-1
Added Pin To Net: NetName=NetIR6_A Pin=R11-2
Added Pin To Net: NetName=NetC12_2 Pin=R12-1
Added Pin To Net: NetName=NetMicro Controller1_18 Pin=R12-2
Added Pin To Net: NetName=NetC13_2 Pin=R13-1
Added Pin To Net: NetName=NetMicro Controller1_19 Pin=R13-2
Added Pin To Net: NetName=3V3 Pin=R14-1
Added Pin To Net: NetName=NetIR7_A Pin=R14-2
Added Pin To Net: NetName=3V3 Pin=R15-1
Added Pin To Net: NetName=NetIR8_A Pin=R15-2
Added Pin To Net: NetName=NetC14_2 Pin=R16-1
Added Pin To Net: NetName=NetMicro Controller1_21 Pin=R16-2
Added Pin To Net: NetName=NetC15_2 Pin=R17-1
Added Pin To Net: NetName=NetMicro Controller1_20 Pin=R17-2
Added Pin To Net: NetName=NetAmplifier1_4 Pin=R18-1
Added Pin To Net: NetName=NetR18_2 Pin=R18-2
Added Pin To Net: NetName=NetR18_2 Pin=R19-1
Added Pin To Net: NetName=NetAmplifier1_5 Pin=R19-2
Added Pin To Net: NetName=NetC16_2 Pin=R20-1
Added Pin To Net: NetName=NetR20_2 Pin=R20-2
Added Pin To Net: NetName=NetR20_2 Pin=R21-1
Added Pin To Net: NetName=NetAmplifier1_4 Pin=R21-2
Added Pin To Net: NetName=NetR22_1 Pin=R22-1
Added Pin To Net: NetName=NetR22_2 Pin=R22-2
Added Pin To Net: NetName=3V3 Pin=R23-1
Added Pin To Net: NetName=NetAmplifier1_1 Pin=R23-2
Added Pin To Net: NetName=NetDAC1_5 Pin=R24-1
Added Pin To Net: NetName=3V3 Pin=R24-2
Added Pin To Net: NetName=NetDAC1_4 Pin=R25-1
Added Pin To Net: NetName=3V3 Pin=R25-2
Added Pin To Net: NetName=NetC21_1 Pin=R26-1
Added Pin To Net: NetName=3.7V Pin=R26-2
Added Pin To Net: NetName=DTR Pin=R27-1
Added Pin To Net: NetName=NetNPN1_0 Pin=R27-2
Added Pin To Net: NetName=RTS Pin=R28-1
Added Pin To Net: NetName=NetNPN2_0 Pin=R28-2
Added Pin To Net: NetName=3V3 Pin=R29-1
Added Pin To Net: NetName=NetR29_2 Pin=R29-2
Added Pin To Net: NetName=GND Pin=R30-1
Added Pin To Net: NetName=NetR30_2 Pin=R30-2
Added Pin To Net: NetName=VBUS Pin=R31-1
Added Pin To Net: NetName=NetC_1 Pin=R31-2
Added Pin To Net: NetName=GND Pin=R32-1
Added Pin To Net: NetName=NetC_1 Pin=R32-2
Added Pin To Net: NetName=U0RXD Pin=R33-1
Added Pin To Net: NetName=NetR33_2 Pin=R33-2
Added Pin To Net: NetName=U0TXD Pin=R34-1
Added Pin To Net: NetName=NetR34_2 Pin=R34-2
Added Pin To Net: NetName=D- Pin=R35-1
Added Pin To Net: NetName=USB_DN Pin=R35-2
Added Pin To Net: NetName=D- Pin=R36-1
Added Pin To Net: NetName=GPIO18 Pin=R36-2
Added Pin To Net: NetName=D+ Pin=R37-1
Added Pin To Net: NetName=GPIO19 Pin=R37-2
Added Pin To Net: NetName=D+ Pin=R38-1
Added Pin To Net: NetName=USB_DP Pin=R38-2
Added Pin To Net: NetName=NetR_1_1 Pin=R_1-1
Added Pin To Net: NetName=NetG_LED1_K Pin=R_1-2
Added Pin To Net: NetName=5V_VCC Pin=R_LED1-A
Added Pin To Net: NetName=NetR22_2 Pin=R_LED1-K
Added Pin To Net: NetName=NetAmplifier1_8 Pin=Speaker1-M
Added Pin To Net: NetName=NetAmplifier1_5 Pin=Speaker1-P
Added Pin To Net: NetName=GND Pin=U1-1
Added Pin To Net: NetName=NetR_2_2 Pin=U1-2
Added Pin To Net: NetName=GND Pin=U1-3
Added Pin To Net: NetName=3.7V Pin=U1-5
Added Pin To Net: NetName=NetR_1_1 Pin=U1-6
Added Pin To Net: NetName=NetR22_1 Pin=U1-7
Added Pin To Net: NetName=5V_VCC Pin=U1-8
Added Pin To Net: NetName=GND Pin=U1-9
Added Pin To Net: NetName=NetQ1_4 Pin=U2-1
Added Pin To Net: NetName=NetR_3_2 Pin=U2-2
Added Pin To Net: NetName=NetQ1_5 Pin=U2-3
Added Pin To Net: NetName=NetC21_1 Pin=U2-5
Added Pin To Net: NetName=GND Pin=U2-6
Added Pin To Net: NetName=GND Pin=U3-3
Added Pin To Net: NetName=USB_DN Pin=U3-4
Added Pin To Net: NetName=USB_DP Pin=U3-5
Added Pin To Net: NetName=3V3 Pin=U3-6
Added Pin To Net: NetName=3V3 Pin=U3-7
Added Pin To Net: NetName=NetC_1 Pin=U3-8
Added Pin To Net: NetName=NetR29_2 Pin=U3-9
Added Pin To Net: NetName=NetR30_2 Pin=U3-11
Added Pin To Net: NetName=RTS Pin=U3-24
Added Pin To Net: NetName=NetR33_2 Pin=U3-25
Added Pin To Net: NetName=NetR34_2 Pin=U3-26
Added Pin To Net: NetName=DTR Pin=U3-28
Added Pin To Net: NetName=GND Pin=U3-29
Added Pin To Net: NetName=GND Pin=USB_Type_C1-SH1
Added Pin To Net: NetName=GND Pin=USB_Type_C1-SH2
Added Pin To Net: NetName=GND Pin=USB_Type_C1-SH3
Added Pin To Net: NetName=GND Pin=USB_Type_C1-SH4
