Change Component Designator: OldDesignator=Micro Controller1 NewDesignator=Micro Controller
Change Component Description : Designator=R10 Old Description=CRG0402 chip resistor,10K 5% 0.063W New Description=CRG0402 chip resistor,10K 5% 0.063W | TE Connectivity CRG0402J10K/10
Change Component Description : Designator=R2 Old Description=CRS Series Anti-surge Resistor 2512 Case 100Ohms 2W +/-100ppm/degC New Description=CRS Series Anti-surge Resistor 2512 Case 100Ohms 2W +/-100ppm/degC | Bourns CRS2512-FX-1000ELF
Change Component Description : Designator=R4 Old Description=CRS Series Anti-surge Resistor 2512 Case 100Ohms 2W +/-100ppm/degC New Description=CRS Series Anti-surge Resistor 2512 Case 100Ohms 2W +/-100ppm/degC | Bourns CRS2512-FX-1000ELF
Change Component Description : Designator=R6 Old Description=CRS Series Anti-surge Resistor 2512 Case 100Ohms 2W +/-100ppm/degC New Description=CRS Series Anti-surge Resistor 2512 Case 100Ohms 2W +/-100ppm/degC | Bourns CRS2512-FX-1000ELF
Change Component Description : Designator=R8 Old Description=CRS Series Anti-surge Resistor 2512 Case 100Ohms 2W +/-100ppm/degC New Description=CRS Series Anti-surge Resistor 2512 Case 100Ohms 2W +/-100ppm/degC | Bourns CRS2512-FX-1000ELF
Change Component Description : Designator=R11 Old Description=CRS Series Anti-surge Resistor 2512 Case 100Ohms 2W +/-100ppm/degC New Description=CRS Series Anti-surge Resistor 2512 Case 100Ohms 2W +/-100ppm/degC | Bourns CRS2512-FX-1000ELF
Change Component Description : Designator=R13 Old Description=CRS Series Anti-surge Resistor 2512 Case 100Ohms 2W +/-100ppm/degC New Description=CRS Series Anti-surge Resistor 2512 Case 100Ohms 2W +/-100ppm/degC | Bourns CRS2512-FX-1000ELF
Change Component Description : Designator=R15 Old Description=CRS Series Anti-surge Resistor 2512 Case 100Ohms 2W +/-100ppm/degC New Description=CRS Series Anti-surge Resistor 2512 Case 100Ohms 2W +/-100ppm/degC | Bourns CRS2512-FX-1000ELF
Change Component Description : Designator=R17 Old Description=CRS Series Anti-surge Resistor 2512 Case 100Ohms 2W +/-100ppm/degC New Description=CRS Series Anti-surge Resistor 2512 Case 100Ohms 2W +/-100ppm/degC | Bourns CRS2512-FX-1000ELF
Change Component Description : Designator=R1 Old Description=Resistencia de película delgada de precisión SMD, carcasa 0402, 220 ohmios +/-0,1 %, 063 W +/-25 ppm/C New Description=Resistencia de película delgada de precisión SMD, carcasa 0402, 220 ohmios +/-0,1 %, 063 W +/-25 ppm/C | TE Connectivity CPF0402B220RE1
Change Component Description : Designator=R3 Old Description=Resistencia de película delgada de precisión SMD, carcasa 0402, 220 ohmios +/-0,1 %, 063 W +/-25 ppm/C New Description=Resistencia de película delgada de precisión SMD, carcasa 0402, 220 ohmios +/-0,1 %, 063 W +/-25 ppm/C | TE Connectivity CPF0402B220RE1
Change Component Description : Designator=R5 Old Description=Resistencia de película delgada de precisión SMD, carcasa 0402, 220 ohmios +/-0,1 %, 063 W +/-25 ppm/C New Description=Resistencia de película delgada de precisión SMD, carcasa 0402, 220 ohmios +/-0,1 %, 063 W +/-25 ppm/C | TE Connectivity CPF0402B220RE1
Change Component Description : Designator=R7 Old Description=Resistencia de película delgada de precisión SMD, carcasa 0402, 220 ohmios +/-0,1 %, 063 W +/-25 ppm/C New Description=Resistencia de película delgada de precisión SMD, carcasa 0402, 220 ohmios +/-0,1 %, 063 W +/-25 ppm/C | TE Connectivity CPF0402B220RE1
Change Component Description : Designator=R9 Old Description=Resistencia de película delgada de precisión SMD, carcasa 0402, 220 ohmios +/-0,1 %, 063 W +/-25 ppm/C New Description=Resistencia de película delgada de precisión SMD, carcasa 0402, 220 ohmios +/-0,1 %, 063 W +/-25 ppm/C | TE Connectivity CPF0402B220RE1
Change Component Description : Designator=R12 Old Description=Resistencia de película delgada de precisión SMD, carcasa 0402, 220 ohmios +/-0,1 %, 063 W +/-25 ppm/C New Description=Resistencia de película delgada de precisión SMD, carcasa 0402, 220 ohmios +/-0,1 %, 063 W +/-25 ppm/C | TE Connectivity CPF0402B220RE1
Change Component Description : Designator=R14 Old Description=Resistencia de película delgada de precisión SMD, carcasa 0402, 220 ohmios +/-0,1 %, 063 W +/-25 ppm/C New Description=Resistencia de película delgada de precisión SMD, carcasa 0402, 220 ohmios +/-0,1 %, 063 W +/-25 ppm/C | TE Connectivity CPF0402B220RE1
Change Component Description : Designator=R16 Old Description=Resistencia de película delgada de precisión SMD, carcasa 0402, 220 ohmios +/-0,1 %, 063 W +/-25 ppm/C New Description=Resistencia de película delgada de precisión SMD, carcasa 0402, 220 ohmios +/-0,1 %, 063 W +/-25 ppm/C | TE Connectivity CPF0402B220RE1
Change Net Name : Old Net Name=NetMicro Controller1_1 New Net Name=NetMicro Controller_1
Change Net Name : Old Net Name=NetMicro Controller1_18 New Net Name=NetMicro Controller_18
Change Net Name : Old Net Name=NetMicro Controller1_19 New Net Name=NetMicro Controller_19
Change Net Name : Old Net Name=NetMicro Controller1_20 New Net Name=NetMicro Controller_20
Change Net Name : Old Net Name=NetMicro Controller1_21 New Net Name=NetMicro Controller_21
