Removed Pin From Net: NetName=GND Pin=3V7-N
Removed Pin From Net: NetName=3V3 Pin=C1-1
Removed Pin From Net: NetName=GND Pin=C1-2
Removed Pin From Net: NetName=GND Pin=C2-2
Removed Pin From Net: NetName=GND Pin=C3-2
Removed Pin From Net: NetName=GND Pin=C4-2
Removed Pin From Net: NetName=GND Pin=C5-2
Removed Pin From Net: NetName=GND Pin=LDO3V3-1
Added Component: Designator=C6(WCAP-CSGP_0805_L2W1.25H1.25)
Add component (AddParameter): Name = "Capacitance"; Value = "10nF"; VariantName = "[No Variations]"
Add component (AddParameter): Name = "Capacitance Tolerance"; Value = "+/-5%"; VariantName = "[No Variations]"
Add component (AddParameter): Name = "Case/Size Code"; Value = "0805"; VariantName = "[No Variations]"
Add component (AddParameter): Name = "Category"; Value = "Multilayer Ceramic Chip Capacitors"; VariantName = "[No Variations]"
Add component (AddParameter): Name = "Ceramic Type"; Value = "NP0"; VariantName = "[No Variations]"
Add component (AddParameter): Name = "ComponentLink1Description"; Value = "Website Link"; VariantName = "[No Variations]"
Add component (AddParameter): Name = "ComponentLink1URL"; Value = "https://www.we-online.com/redexpert/article/885012007009?ad"; VariantName = "[No Variations]"
Add component (AddParameter): Name = "ComponentLink2Description"; Value = "Datasheet Link"; VariantName = "[No Variations]"
Add component (AddParameter): Name = "ComponentLink2URL"; Value = "https://www.we-online.com/redexpert/spec/885012007009?ad"; VariantName = "[No Variations]"
Add component (AddParameter): Name = "Height"; Value = "1.25mm"; VariantName = "[No Variations]"
Add component (AddParameter): Name = "Insulation Resistance"; Value = "10GO"; VariantName = "[No Variations]"
Add component (AddParameter): Name = "Length"; Value = "2mm"; VariantName = "[No Variations]"
Add component (AddParameter): Name = "Manufacturer"; Value = "Wurth Elektronik"; VariantName = "[No Variations]"
Add component (AddParameter): Name = "Manufacturer Part Number"; Value = "885012007009"; VariantName = "[No Variations]"
Add component (AddParameter): Name = "Match Code"; Value = "WCAP-CSGP"; VariantName = "[No Variations]"
Add component (AddParameter): Name = "Max Operating Temperature"; Value = "125°C"; VariantName = "[No Variations]"
Add component (AddParameter): Name = "Min Operating Temperature"; Value = "-55°C"; VariantName = "[No Variations]"
Add component (AddParameter): Name = "Mount"; Value = "Surface Mount"; VariantName = "[No Variations]"
Add component (AddParameter): Name = "Packaging"; Value = "Tape and Reel"; VariantName = "[No Variations]"
Add component (AddParameter): Name = "Q Factor"; Value = "1000"; VariantName = "[No Variations]"
Add component (AddParameter): Name = "Rated Voltage (DC)"; Value = "10V"; VariantName = "[No Variations]"
Add component (AddParameter): Name = "Technical Reference"; Value = "NP00805103J010DFCT10000"; VariantName = "[No Variations]"
Add component (AddParameter): Name = "Width"; Value = "1.25mm"; VariantName = "[No Variations]"
Added Component: Designator=C7(WCAP-CSGP_0805_L2W1.25H1.25)
Add component (AddParameter): Name = "Capacitance"; Value = "10nF"; VariantName = "[No Variations]"
Add component (AddParameter): Name = "Capacitance Tolerance"; Value = "+/-5%"; VariantName = "[No Variations]"
Add component (AddParameter): Name = "Case/Size Code"; Value = "0805"; VariantName = "[No Variations]"
Add component (AddParameter): Name = "Category"; Value = "Multilayer Ceramic Chip Capacitors"; VariantName = "[No Variations]"
Add component (AddParameter): Name = "Ceramic Type"; Value = "NP0"; VariantName = "[No Variations]"
Add component (AddParameter): Name = "ComponentLink1Description"; Value = "Website Link"; VariantName = "[No Variations]"
Add component (AddParameter): Name = "ComponentLink1URL"; Value = "https://www.we-online.com/redexpert/article/885012007009?ad"; VariantName = "[No Variations]"
Add component (AddParameter): Name = "ComponentLink2Description"; Value = "Datasheet Link"; VariantName = "[No Variations]"
Add component (AddParameter): Name = "ComponentLink2URL"; Value = "https://www.we-online.com/redexpert/spec/885012007009?ad"; VariantName = "[No Variations]"
Add component (AddParameter): Name = "Height"; Value = "1.25mm"; VariantName = "[No Variations]"
Add component (AddParameter): Name = "Insulation Resistance"; Value = "10GO"; VariantName = "[No Variations]"
Add component (AddParameter): Name = "Length"; Value = "2mm"; VariantName = "[No Variations]"
Add component (AddParameter): Name = "Manufacturer"; Value = "Wurth Elektronik"; VariantName = "[No Variations]"
Add component (AddParameter): Name = "Manufacturer Part Number"; Value = "885012007009"; VariantName = "[No Variations]"
Add component (AddParameter): Name = "Match Code"; Value = "WCAP-CSGP"; VariantName = "[No Variations]"
Add component (AddParameter): Name = "Max Operating Temperature"; Value = "125°C"; VariantName = "[No Variations]"
Add component (AddParameter): Name = "Min Operating Temperature"; Value = "-55°C"; VariantName = "[No Variations]"
Add component (AddParameter): Name = "Mount"; Value = "Surface Mount"; VariantName = "[No Variations]"
Add component (AddParameter): Name = "Packaging"; Value = "Tape and Reel"; VariantName = "[No Variations]"
Add component (AddParameter): Name = "Q Factor"; Value = "1000"; VariantName = "[No Variations]"
Add component (AddParameter): Name = "Rated Voltage (DC)"; Value = "10V"; VariantName = "[No Variations]"
Add component (AddParameter): Name = "Technical Reference"; Value = "NP00805103J010DFCT10000"; VariantName = "[No Variations]"
Add component (AddParameter): Name = "Width"; Value = "1.25mm"; VariantName = "[No Variations]"
Added Component: Designator=C8(WCAP-CSGP_0805_L2W1.25H1.25)
Add component (AddParameter): Name = "Capacitance"; Value = "10nF"; VariantName = "[No Variations]"
Add component (AddParameter): Name = "Capacitance Tolerance"; Value = "+/-5%"; VariantName = "[No Variations]"
Add component (AddParameter): Name = "Case/Size Code"; Value = "0805"; VariantName = "[No Variations]"
Add component (AddParameter): Name = "Category"; Value = "Multilayer Ceramic Chip Capacitors"; VariantName = "[No Variations]"
Add component (AddParameter): Name = "Ceramic Type"; Value = "NP0"; VariantName = "[No Variations]"
Add component (AddParameter): Name = "ComponentLink1Description"; Value = "Website Link"; VariantName = "[No Variations]"
Add component (AddParameter): Name = "ComponentLink1URL"; Value = "https://www.we-online.com/redexpert/article/885012007009?ad"; VariantName = "[No Variations]"
Add component (AddParameter): Name = "ComponentLink2Description"; Value = "Datasheet Link"; VariantName = "[No Variations]"
Add component (AddParameter): Name = "ComponentLink2URL"; Value = "https://www.we-online.com/redexpert/spec/885012007009?ad"; VariantName = "[No Variations]"
Add component (AddParameter): Name = "Height"; Value = "1.25mm"; VariantName = "[No Variations]"
Add component (AddParameter): Name = "Insulation Resistance"; Value = "10GO"; VariantName = "[No Variations]"
Add component (AddParameter): Name = "Length"; Value = "2mm"; VariantName = "[No Variations]"
Add component (AddParameter): Name = "Manufacturer"; Value = "Wurth Elektronik"; VariantName = "[No Variations]"
Add component (AddParameter): Name = "Manufacturer Part Number"; Value = "885012007009"; VariantName = "[No Variations]"
Add component (AddParameter): Name = "Match Code"; Value = "WCAP-CSGP"; VariantName = "[No Variations]"
Add component (AddParameter): Name = "Max Operating Temperature"; Value = "125°C"; VariantName = "[No Variations]"
Add component (AddParameter): Name = "Min Operating Temperature"; Value = "-55°C"; VariantName = "[No Variations]"
Add component (AddParameter): Name = "Mount"; Value = "Surface Mount"; VariantName = "[No Variations]"
Add component (AddParameter): Name = "Packaging"; Value = "Tape and Reel"; VariantName = "[No Variations]"
Add component (AddParameter): Name = "Q Factor"; Value = "1000"; VariantName = "[No Variations]"
Add component (AddParameter): Name = "Rated Voltage (DC)"; Value = "10V"; VariantName = "[No Variations]"
Add component (AddParameter): Name = "Technical Reference"; Value = "NP00805103J010DFCT10000"; VariantName = "[No Variations]"
Add component (AddParameter): Name = "Width"; Value = "1.25mm"; VariantName = "[No Variations]"
Added Component: Designator=C9(WCAP-CSGP_0805_L2W1.25H1.25)
Add component (AddParameter): Name = "Capacitance"; Value = "10nF"; VariantName = "[No Variations]"
Add component (AddParameter): Name = "Capacitance Tolerance"; Value = "+/-5%"; VariantName = "[No Variations]"
Add component (AddParameter): Name = "Case/Size Code"; Value = "0805"; VariantName = "[No Variations]"
Add component (AddParameter): Name = "Category"; Value = "Multilayer Ceramic Chip Capacitors"; VariantName = "[No Variations]"
Add component (AddParameter): Name = "Ceramic Type"; Value = "NP0"; VariantName = "[No Variations]"
Add component (AddParameter): Name = "ComponentLink1Description"; Value = "Website Link"; VariantName = "[No Variations]"
Add component (AddParameter): Name = "ComponentLink1URL"; Value = "https://www.we-online.com/redexpert/article/885012007009?ad"; VariantName = "[No Variations]"
Add component (AddParameter): Name = "ComponentLink2Description"; Value = "Datasheet Link"; VariantName = "[No Variations]"
Add component (AddParameter): Name = "ComponentLink2URL"; Value = "https://www.we-online.com/redexpert/spec/885012007009?ad"; VariantName = "[No Variations]"
Add component (AddParameter): Name = "Height"; Value = "1.25mm"; VariantName = "[No Variations]"
Add component (AddParameter): Name = "Insulation Resistance"; Value = "10GO"; VariantName = "[No Variations]"
Add component (AddParameter): Name = "Length"; Value = "2mm"; VariantName = "[No Variations]"
Add component (AddParameter): Name = "Manufacturer"; Value = "Wurth Elektronik"; VariantName = "[No Variations]"
Add component (AddParameter): Name = "Manufacturer Part Number"; Value = "885012007009"; VariantName = "[No Variations]"
Add component (AddParameter): Name = "Match Code"; Value = "WCAP-CSGP"; VariantName = "[No Variations]"
Add component (AddParameter): Name = "Max Operating Temperature"; Value = "125°C"; VariantName = "[No Variations]"
Add component (AddParameter): Name = "Min Operating Temperature"; Value = "-55°C"; VariantName = "[No Variations]"
Add component (AddParameter): Name = "Mount"; Value = "Surface Mount"; VariantName = "[No Variations]"
Add component (AddParameter): Name = "Packaging"; Value = "Tape and Reel"; VariantName = "[No Variations]"
Add component (AddParameter): Name = "Q Factor"; Value = "1000"; VariantName = "[No Variations]"
Add component (AddParameter): Name = "Rated Voltage (DC)"; Value = "10V"; VariantName = "[No Variations]"
Add component (AddParameter): Name = "Technical Reference"; Value = "NP00805103J010DFCT10000"; VariantName = "[No Variations]"
Add component (AddParameter): Name = "Width"; Value = "1.25mm"; VariantName = "[No Variations]"
Added Component: Designator=C10(WCAP-CSGP_0805_L2W1.25H1.25)
Add component (AddParameter): Name = "Capacitance"; Value = "10nF"; VariantName = "[No Variations]"
Add component (AddParameter): Name = "Capacitance Tolerance"; Value = "+/-5%"; VariantName = "[No Variations]"
Add component (AddParameter): Name = "Case/Size Code"; Value = "0805"; VariantName = "[No Variations]"
Add component (AddParameter): Name = "Category"; Value = "Multilayer Ceramic Chip Capacitors"; VariantName = "[No Variations]"
Add component (AddParameter): Name = "Ceramic Type"; Value = "NP0"; VariantName = "[No Variations]"
Add component (AddParameter): Name = "ComponentLink1Description"; Value = "Website Link"; VariantName = "[No Variations]"
Add component (AddParameter): Name = "ComponentLink1URL"; Value = "https://www.we-online.com/redexpert/article/885012007009?ad"; VariantName = "[No Variations]"
Add component (AddParameter): Name = "ComponentLink2Description"; Value = "Datasheet Link"; VariantName = "[No Variations]"
Add component (AddParameter): Name = "ComponentLink2URL"; Value = "https://www.we-online.com/redexpert/spec/885012007009?ad"; VariantName = "[No Variations]"
Add component (AddParameter): Name = "Height"; Value = "1.25mm"; VariantName = "[No Variations]"
Add component (AddParameter): Name = "Insulation Resistance"; Value = "10GO"; VariantName = "[No Variations]"
Add component (AddParameter): Name = "Length"; Value = "2mm"; VariantName = "[No Variations]"
Add component (AddParameter): Name = "Manufacturer"; Value = "Wurth Elektronik"; VariantName = "[No Variations]"
Add component (AddParameter): Name = "Manufacturer Part Number"; Value = "885012007009"; VariantName = "[No Variations]"
Add component (AddParameter): Name = "Match Code"; Value = "WCAP-CSGP"; VariantName = "[No Variations]"
Add component (AddParameter): Name = "Max Operating Temperature"; Value = "125°C"; VariantName = "[No Variations]"
Add component (AddParameter): Name = "Min Operating Temperature"; Value = "-55°C"; VariantName = "[No Variations]"
Add component (AddParameter): Name = "Mount"; Value = "Surface Mount"; VariantName = "[No Variations]"
Add component (AddParameter): Name = "Packaging"; Value = "Tape and Reel"; VariantName = "[No Variations]"
Add component (AddParameter): Name = "Q Factor"; Value = "1000"; VariantName = "[No Variations]"
Add component (AddParameter): Name = "Rated Voltage (DC)"; Value = "10V"; VariantName = "[No Variations]"
Add component (AddParameter): Name = "Technical Reference"; Value = "NP00805103J010DFCT10000"; VariantName = "[No Variations]"
Add component (AddParameter): Name = "Width"; Value = "1.25mm"; VariantName = "[No Variations]"
Added Component: Designator=C11(WCAP-CSGP_0805_L2W1.25H1.25)
Add component (AddParameter): Name = "Capacitance"; Value = "10nF"; VariantName = "[No Variations]"
Add component (AddParameter): Name = "Capacitance Tolerance"; Value = "+/-5%"; VariantName = "[No Variations]"
Add component (AddParameter): Name = "Case/Size Code"; Value = "0805"; VariantName = "[No Variations]"
Add component (AddParameter): Name = "Category"; Value = "Multilayer Ceramic Chip Capacitors"; VariantName = "[No Variations]"
Add component (AddParameter): Name = "Ceramic Type"; Value = "NP0"; VariantName = "[No Variations]"
Add component (AddParameter): Name = "ComponentLink1Description"; Value = "Website Link"; VariantName = "[No Variations]"
Add component (AddParameter): Name = "ComponentLink1URL"; Value = "https://www.we-online.com/redexpert/article/885012007009?ad"; VariantName = "[No Variations]"
Add component (AddParameter): Name = "ComponentLink2Description"; Value = "Datasheet Link"; VariantName = "[No Variations]"
Add component (AddParameter): Name = "ComponentLink2URL"; Value = "https://www.we-online.com/redexpert/spec/885012007009?ad"; VariantName = "[No Variations]"
Add component (AddParameter): Name = "Height"; Value = "1.25mm"; VariantName = "[No Variations]"
Add component (AddParameter): Name = "Insulation Resistance"; Value = "10GO"; VariantName = "[No Variations]"
Add component (AddParameter): Name = "Length"; Value = "2mm"; VariantName = "[No Variations]"
Add component (AddParameter): Name = "Manufacturer"; Value = "Wurth Elektronik"; VariantName = "[No Variations]"
Add component (AddParameter): Name = "Manufacturer Part Number"; Value = "885012007009"; VariantName = "[No Variations]"
Add component (AddParameter): Name = "Match Code"; Value = "WCAP-CSGP"; VariantName = "[No Variations]"
Add component (AddParameter): Name = "Max Operating Temperature"; Value = "125°C"; VariantName = "[No Variations]"
Add component (AddParameter): Name = "Min Operating Temperature"; Value = "-55°C"; VariantName = "[No Variations]"
Add component (AddParameter): Name = "Mount"; Value = "Surface Mount"; VariantName = "[No Variations]"
Add component (AddParameter): Name = "Packaging"; Value = "Tape and Reel"; VariantName = "[No Variations]"
Add component (AddParameter): Name = "Q Factor"; Value = "1000"; VariantName = "[No Variations]"
Add component (AddParameter): Name = "Rated Voltage (DC)"; Value = "10V"; VariantName = "[No Variations]"
Add component (AddParameter): Name = "Technical Reference"; Value = "NP00805103J010DFCT10000"; VariantName = "[No Variations]"
Add component (AddParameter): Name = "Width"; Value = "1.25mm"; VariantName = "[No Variations]"
Added Component: Designator=C12(WCAP-CSGP_0805_L2W1.25H1.25)
Add component (AddParameter): Name = "Capacitance"; Value = "10nF"; VariantName = "[No Variations]"
Add component (AddParameter): Name = "Capacitance Tolerance"; Value = "+/-5%"; VariantName = "[No Variations]"
Add component (AddParameter): Name = "Case/Size Code"; Value = "0805"; VariantName = "[No Variations]"
Add component (AddParameter): Name = "Category"; Value = "Multilayer Ceramic Chip Capacitors"; VariantName = "[No Variations]"
Add component (AddParameter): Name = "Ceramic Type"; Value = "NP0"; VariantName = "[No Variations]"
Add component (AddParameter): Name = "ComponentLink1Description"; Value = "Website Link"; VariantName = "[No Variations]"
Add component (AddParameter): Name = "ComponentLink1URL"; Value = "https://www.we-online.com/redexpert/article/885012007009?ad"; VariantName = "[No Variations]"
Add component (AddParameter): Name = "ComponentLink2Description"; Value = "Datasheet Link"; VariantName = "[No Variations]"
Add component (AddParameter): Name = "ComponentLink2URL"; Value = "https://www.we-online.com/redexpert/spec/885012007009?ad"; VariantName = "[No Variations]"
Add component (AddParameter): Name = "Height"; Value = "1.25mm"; VariantName = "[No Variations]"
Add component (AddParameter): Name = "Insulation Resistance"; Value = "10GO"; VariantName = "[No Variations]"
Add component (AddParameter): Name = "Length"; Value = "2mm"; VariantName = "[No Variations]"
Add component (AddParameter): Name = "Manufacturer"; Value = "Wurth Elektronik"; VariantName = "[No Variations]"
Add component (AddParameter): Name = "Manufacturer Part Number"; Value = "885012007009"; VariantName = "[No Variations]"
Add component (AddParameter): Name = "Match Code"; Value = "WCAP-CSGP"; VariantName = "[No Variations]"
Add component (AddParameter): Name = "Max Operating Temperature"; Value = "125°C"; VariantName = "[No Variations]"
Add component (AddParameter): Name = "Min Operating Temperature"; Value = "-55°C"; VariantName = "[No Variations]"
Add component (AddParameter): Name = "Mount"; Value = "Surface Mount"; VariantName = "[No Variations]"
Add component (AddParameter): Name = "Packaging"; Value = "Tape and Reel"; VariantName = "[No Variations]"
Add component (AddParameter): Name = "Q Factor"; Value = "1000"; VariantName = "[No Variations]"
Add component (AddParameter): Name = "Rated Voltage (DC)"; Value = "10V"; VariantName = "[No Variations]"
Add component (AddParameter): Name = "Technical Reference"; Value = "NP00805103J010DFCT10000"; VariantName = "[No Variations]"
Add component (AddParameter): Name = "Width"; Value = "1.25mm"; VariantName = "[No Variations]"
Added Component: Designator=C13(WCAP-CSGP_0805_L2W1.25H1.25)
Add component (AddParameter): Name = "Capacitance"; Value = "10nF"; VariantName = "[No Variations]"
Add component (AddParameter): Name = "Capacitance Tolerance"; Value = "+/-5%"; VariantName = "[No Variations]"
Add component (AddParameter): Name = "Case/Size Code"; Value = "0805"; VariantName = "[No Variations]"
Add component (AddParameter): Name = "Category"; Value = "Multilayer Ceramic Chip Capacitors"; VariantName = "[No Variations]"
Add component (AddParameter): Name = "Ceramic Type"; Value = "NP0"; VariantName = "[No Variations]"
Add component (AddParameter): Name = "ComponentLink1Description"; Value = "Website Link"; VariantName = "[No Variations]"
Add component (AddParameter): Name = "ComponentLink1URL"; Value = "https://www.we-online.com/redexpert/article/885012007009?ad"; VariantName = "[No Variations]"
Add component (AddParameter): Name = "ComponentLink2Description"; Value = "Datasheet Link"; VariantName = "[No Variations]"
Add component (AddParameter): Name = "ComponentLink2URL"; Value = "https://www.we-online.com/redexpert/spec/885012007009?ad"; VariantName = "[No Variations]"
Add component (AddParameter): Name = "Height"; Value = "1.25mm"; VariantName = "[No Variations]"
Add component (AddParameter): Name = "Insulation Resistance"; Value = "10GO"; VariantName = "[No Variations]"
Add component (AddParameter): Name = "Length"; Value = "2mm"; VariantName = "[No Variations]"
Add component (AddParameter): Name = "Manufacturer"; Value = "Wurth Elektronik"; VariantName = "[No Variations]"
Add component (AddParameter): Name = "Manufacturer Part Number"; Value = "885012007009"; VariantName = "[No Variations]"
Add component (AddParameter): Name = "Match Code"; Value = "WCAP-CSGP"; VariantName = "[No Variations]"
Add component (AddParameter): Name = "Max Operating Temperature"; Value = "125°C"; VariantName = "[No Variations]"
Add component (AddParameter): Name = "Min Operating Temperature"; Value = "-55°C"; VariantName = "[No Variations]"
Add component (AddParameter): Name = "Mount"; Value = "Surface Mount"; VariantName = "[No Variations]"
Add component (AddParameter): Name = "Packaging"; Value = "Tape and Reel"; VariantName = "[No Variations]"
Add component (AddParameter): Name = "Q Factor"; Value = "1000"; VariantName = "[No Variations]"
Add component (AddParameter): Name = "Rated Voltage (DC)"; Value = "10V"; VariantName = "[No Variations]"
Add component (AddParameter): Name = "Technical Reference"; Value = "NP00805103J010DFCT10000"; VariantName = "[No Variations]"
Add component (AddParameter): Name = "Width"; Value = "1.25mm"; VariantName = "[No Variations]"
Added Component: Designator=IR1(4LEADSMD)
Add component (AddParameter): Name = "Check_prices"; Value = "https://www.snapeda.com/parts/QRE1113/SparkFun/view-part/?ref=eda"; VariantName = "[No Variations]"
Add component (AddParameter): Name = "MF"; Value = "SparkFun"; VariantName = "[No Variations]"
Add component (AddParameter): Name = "MP"; Value = "QRE1113"; VariantName = "[No Variations]"
Add component (AddParameter): Name = "Package"; Value = "None"; VariantName = "[No Variations]"
Add component (AddParameter): Name = "SnapEDA_Link"; Value = "https://www.snapeda.com/parts/QRE1113/SparkFun/view-part/?ref=snap"; VariantName = "[No Variations]"
Add component (AddParameter): Name = "Value"; Value = ""; VariantName = "[No Variations]"
Added Component: Designator=IR2(4LEADSMD)
Add component (AddParameter): Name = "Check_prices"; Value = "https://www.snapeda.com/parts/QRE1113/SparkFun/view-part/?ref=eda"; VariantName = "[No Variations]"
Add component (AddParameter): Name = "MF"; Value = "SparkFun"; VariantName = "[No Variations]"
Add component (AddParameter): Name = "MP"; Value = "QRE1113"; VariantName = "[No Variations]"
Add component (AddParameter): Name = "Package"; Value = "None"; VariantName = "[No Variations]"
Add component (AddParameter): Name = "SnapEDA_Link"; Value = "https://www.snapeda.com/parts/QRE1113/SparkFun/view-part/?ref=snap"; VariantName = "[No Variations]"
Add component (AddParameter): Name = "Value"; Value = ""; VariantName = "[No Variations]"
Added Component: Designator=IR3(4LEADSMD)
Add component (AddParameter): Name = "Check_prices"; Value = "https://www.snapeda.com/parts/QRE1113/SparkFun/view-part/?ref=eda"; VariantName = "[No Variations]"
Add component (AddParameter): Name = "MF"; Value = "SparkFun"; VariantName = "[No Variations]"
Add component (AddParameter): Name = "MP"; Value = "QRE1113"; VariantName = "[No Variations]"
Add component (AddParameter): Name = "Package"; Value = "None"; VariantName = "[No Variations]"
Add component (AddParameter): Name = "SnapEDA_Link"; Value = "https://www.snapeda.com/parts/QRE1113/SparkFun/view-part/?ref=snap"; VariantName = "[No Variations]"
Add component (AddParameter): Name = "Value"; Value = ""; VariantName = "[No Variations]"
Added Component: Designator=IR4(4LEADSMD)
Add component (AddParameter): Name = "Check_prices"; Value = "https://www.snapeda.com/parts/QRE1113/SparkFun/view-part/?ref=eda"; VariantName = "[No Variations]"
Add component (AddParameter): Name = "MF"; Value = "SparkFun"; VariantName = "[No Variations]"
Add component (AddParameter): Name = "MP"; Value = "QRE1113"; VariantName = "[No Variations]"
Add component (AddParameter): Name = "Package"; Value = "None"; VariantName = "[No Variations]"
Add component (AddParameter): Name = "SnapEDA_Link"; Value = "https://www.snapeda.com/parts/QRE1113/SparkFun/view-part/?ref=snap"; VariantName = "[No Variations]"
Add component (AddParameter): Name = "Value"; Value = ""; VariantName = "[No Variations]"
Added Component: Designator=IR5(4LEADSMD)
Add component (AddParameter): Name = "Check_prices"; Value = "https://www.snapeda.com/parts/QRE1113/SparkFun/view-part/?ref=eda"; VariantName = "[No Variations]"
Add component (AddParameter): Name = "MF"; Value = "SparkFun"; VariantName = "[No Variations]"
Add component (AddParameter): Name = "MP"; Value = "QRE1113"; VariantName = "[No Variations]"
Add component (AddParameter): Name = "Package"; Value = "None"; VariantName = "[No Variations]"
Add component (AddParameter): Name = "SnapEDA_Link"; Value = "https://www.snapeda.com/parts/QRE1113/SparkFun/view-part/?ref=snap"; VariantName = "[No Variations]"
Add component (AddParameter): Name = "Value"; Value = ""; VariantName = "[No Variations]"
Added Component: Designator=IR6(4LEADSMD)
Add component (AddParameter): Name = "Check_prices"; Value = "https://www.snapeda.com/parts/QRE1113/SparkFun/view-part/?ref=eda"; VariantName = "[No Variations]"
Add component (AddParameter): Name = "MF"; Value = "SparkFun"; VariantName = "[No Variations]"
Add component (AddParameter): Name = "MP"; Value = "QRE1113"; VariantName = "[No Variations]"
Add component (AddParameter): Name = "Package"; Value = "None"; VariantName = "[No Variations]"
Add component (AddParameter): Name = "SnapEDA_Link"; Value = "https://www.snapeda.com/parts/QRE1113/SparkFun/view-part/?ref=snap"; VariantName = "[No Variations]"
Add component (AddParameter): Name = "Value"; Value = ""; VariantName = "[No Variations]"
Added Component: Designator=IR7(4LEADSMD)
Add component (AddParameter): Name = "Check_prices"; Value = "https://www.snapeda.com/parts/QRE1113/SparkFun/view-part/?ref=eda"; VariantName = "[No Variations]"
Add component (AddParameter): Name = "MF"; Value = "SparkFun"; VariantName = "[No Variations]"
Add component (AddParameter): Name = "MP"; Value = "QRE1113"; VariantName = "[No Variations]"
Add component (AddParameter): Name = "Package"; Value = "None"; VariantName = "[No Variations]"
Add component (AddParameter): Name = "SnapEDA_Link"; Value = "https://www.snapeda.com/parts/QRE1113/SparkFun/view-part/?ref=snap"; VariantName = "[No Variations]"
Add component (AddParameter): Name = "Value"; Value = ""; VariantName = "[No Variations]"
Added Component: Designator=IR8(4LEADSMD)
Add component (AddParameter): Name = "Check_prices"; Value = "https://www.snapeda.com/parts/QRE1113/SparkFun/view-part/?ref=eda"; VariantName = "[No Variations]"
Add component (AddParameter): Name = "MF"; Value = "SparkFun"; VariantName = "[No Variations]"
Add component (AddParameter): Name = "MP"; Value = "QRE1113"; VariantName = "[No Variations]"
Add component (AddParameter): Name = "Package"; Value = "None"; VariantName = "[No Variations]"
Add component (AddParameter): Name = "SnapEDA_Link"; Value = "https://www.snapeda.com/parts/QRE1113/SparkFun/view-part/?ref=snap"; VariantName = "[No Variations]"
Add component (AddParameter): Name = "Value"; Value = ""; VariantName = "[No Variations]"
Added Component: Designator=R1(FP-RMCF0603-IPC_C)
Added Component: Designator=R2(RESC6432X75N)
Add component (AddParameter): Name = "Check_prices"; Value = "https://www.snapeda.com/parts/CRS2512-FX-1000ELF/Bourns/view-part/?ref=eda"; VariantName = "[No Variations]"
Add component (AddParameter): Name = "MF"; Value = "Bourns"; VariantName = "[No Variations]"
Add component (AddParameter): Name = "MP"; Value = "CRS2512-FX-1000ELF"; VariantName = "[No Variations]"
Add component (AddParameter): Name = "Package"; Value = "6432 Bourns"; VariantName = "[No Variations]"
Add component (AddParameter): Name = "SnapEDA_Link"; Value = "https://www.snapeda.com/parts/CRS2512-FX-1000ELF/Bourns/view-part/?ref=snap"; VariantName = "[No Variations]"
Add component (AddParameter): Name = "Value"; Value = ""; VariantName = "[No Variations]"
Added Component: Designator=R3(RESC1005X35N)
Add component (AddParameter): Name = "Check_prices"; Value = "https://www.snapeda.com/parts/CPF0402B220RE1/TE+Connectivity/view-part/?ref=eda"; VariantName = "[No Variations]"
Add component (AddParameter): Name = "EU_RoHS_Compliance"; Value = "Compliant"; VariantName = "[No Variations]"
Add component (AddParameter): Name = "MF"; Value = "TE Connectivity"; VariantName = "[No Variations]"
Add component (AddParameter): Name = "MP"; Value = "CPF0402B220RE1"; VariantName = "[No Variations]"
Add component (AddParameter): Name = "Package"; Value = "0402"; VariantName = "[No Variations]"
Add component (AddParameter): Name = "Power_Rating"; Value = ".063 W"; VariantName = "[No Variations]"
Add component (AddParameter): Name = "Resistance"; Value = "220"; VariantName = "[No Variations]"
Add component (AddParameter): Name = "SnapEDA_Link"; Value = "https://www.snapeda.com/parts/CPF0402B220RE1/TE+Connectivity/view-part/?ref=snap"; VariantName = "[No Variations]"
Add component (AddParameter): Name = "Tolerance"; Value = ".1%"; VariantName = "[No Variations]"
Add component (AddParameter): Name = "Value"; Value = ""; VariantName = "[No Variations]"
Add component (AddParameter): Name = "Voltage_Rating"; Value = "25 V"; VariantName = "[No Variations]"
Added Component: Designator=R4(RESC6432X75N)
Add component (AddParameter): Name = "Check_prices"; Value = "https://www.snapeda.com/parts/CRS2512-FX-1000ELF/Bourns/view-part/?ref=eda"; VariantName = "[No Variations]"
Add component (AddParameter): Name = "MF"; Value = "Bourns"; VariantName = "[No Variations]"
Add component (AddParameter): Name = "MP"; Value = "CRS2512-FX-1000ELF"; VariantName = "[No Variations]"
Add component (AddParameter): Name = "Package"; Value = "6432 Bourns"; VariantName = "[No Variations]"
Add component (AddParameter): Name = "SnapEDA_Link"; Value = "https://www.snapeda.com/parts/CRS2512-FX-1000ELF/Bourns/view-part/?ref=snap"; VariantName = "[No Variations]"
Add component (AddParameter): Name = "Value"; Value = ""; VariantName = "[No Variations]"
Added Component: Designator=R5(RESC1005X35N)
Add component (AddParameter): Name = "Check_prices"; Value = "https://www.snapeda.com/parts/CPF0402B220RE1/TE+Connectivity/view-part/?ref=eda"; VariantName = "[No Variations]"
Add component (AddParameter): Name = "EU_RoHS_Compliance"; Value = "Compliant"; VariantName = "[No Variations]"
Add component (AddParameter): Name = "MF"; Value = "TE Connectivity"; VariantName = "[No Variations]"
Add component (AddParameter): Name = "MP"; Value = "CPF0402B220RE1"; VariantName = "[No Variations]"
Add component (AddParameter): Name = "Package"; Value = "0402"; VariantName = "[No Variations]"
Add component (AddParameter): Name = "Power_Rating"; Value = ".063 W"; VariantName = "[No Variations]"
Add component (AddParameter): Name = "Resistance"; Value = "220"; VariantName = "[No Variations]"
Add component (AddParameter): Name = "SnapEDA_Link"; Value = "https://www.snapeda.com/parts/CPF0402B220RE1/TE+Connectivity/view-part/?ref=snap"; VariantName = "[No Variations]"
Add component (AddParameter): Name = "Tolerance"; Value = ".1%"; VariantName = "[No Variations]"
Add component (AddParameter): Name = "Value"; Value = ""; VariantName = "[No Variations]"
Add component (AddParameter): Name = "Voltage_Rating"; Value = "25 V"; VariantName = "[No Variations]"
Added Component: Designator=R6(RESC6432X75N)
Add component (AddParameter): Name = "Check_prices"; Value = "https://www.snapeda.com/parts/CRS2512-FX-1000ELF/Bourns/view-part/?ref=eda"; VariantName = "[No Variations]"
Add component (AddParameter): Name = "MF"; Value = "Bourns"; VariantName = "[No Variations]"
Add component (AddParameter): Name = "MP"; Value = "CRS2512-FX-1000ELF"; VariantName = "[No Variations]"
Add component (AddParameter): Name = "Package"; Value = "6432 Bourns"; VariantName = "[No Variations]"
Add component (AddParameter): Name = "SnapEDA_Link"; Value = "https://www.snapeda.com/parts/CRS2512-FX-1000ELF/Bourns/view-part/?ref=snap"; VariantName = "[No Variations]"
Add component (AddParameter): Name = "Value"; Value = ""; VariantName = "[No Variations]"
Added Component: Designator=R8(RESC1005X35N)
Add component (AddParameter): Name = "Check_prices"; Value = "https://www.snapeda.com/parts/CPF0402B220RE1/TE+Connectivity/view-part/?ref=eda"; VariantName = "[No Variations]"
Add component (AddParameter): Name = "EU_RoHS_Compliance"; Value = "Compliant"; VariantName = "[No Variations]"
Add component (AddParameter): Name = "MF"; Value = "TE Connectivity"; VariantName = "[No Variations]"
Add component (AddParameter): Name = "MP"; Value = "CPF0402B220RE1"; VariantName = "[No Variations]"
Add component (AddParameter): Name = "Package"; Value = "0402"; VariantName = "[No Variations]"
Add component (AddParameter): Name = "Power_Rating"; Value = ".063 W"; VariantName = "[No Variations]"
Add component (AddParameter): Name = "Resistance"; Value = "220"; VariantName = "[No Variations]"
Add component (AddParameter): Name = "SnapEDA_Link"; Value = "https://www.snapeda.com/parts/CPF0402B220RE1/TE+Connectivity/view-part/?ref=snap"; VariantName = "[No Variations]"
Add component (AddParameter): Name = "Tolerance"; Value = ".1%"; VariantName = "[No Variations]"
Add component (AddParameter): Name = "Value"; Value = ""; VariantName = "[No Variations]"
Add component (AddParameter): Name = "Voltage_Rating"; Value = "25 V"; VariantName = "[No Variations]"
Added Component: Designator=R9(RESC6432X75N)
Add component (AddParameter): Name = "Check_prices"; Value = "https://www.snapeda.com/parts/CRS2512-FX-1000ELF/Bourns/view-part/?ref=eda"; VariantName = "[No Variations]"
Add component (AddParameter): Name = "MF"; Value = "Bourns"; VariantName = "[No Variations]"
Add component (AddParameter): Name = "MP"; Value = "CRS2512-FX-1000ELF"; VariantName = "[No Variations]"
Add component (AddParameter): Name = "Package"; Value = "6432 Bourns"; VariantName = "[No Variations]"
Add component (AddParameter): Name = "SnapEDA_Link"; Value = "https://www.snapeda.com/parts/CRS2512-FX-1000ELF/Bourns/view-part/?ref=snap"; VariantName = "[No Variations]"
Add component (AddParameter): Name = "Value"; Value = ""; VariantName = "[No Variations]"
Added Component: Designator=R10(RESC1005X35N)
Add component (AddParameter): Name = "Check_prices"; Value = "https://www.snapeda.com/parts/CPF0402B220RE1/TE+Connectivity/view-part/?ref=eda"; VariantName = "[No Variations]"
Add component (AddParameter): Name = "EU_RoHS_Compliance"; Value = "Compliant"; VariantName = "[No Variations]"
Add component (AddParameter): Name = "MF"; Value = "TE Connectivity"; VariantName = "[No Variations]"
Add component (AddParameter): Name = "MP"; Value = "CPF0402B220RE1"; VariantName = "[No Variations]"
Add component (AddParameter): Name = "Package"; Value = "0402"; VariantName = "[No Variations]"
Add component (AddParameter): Name = "Power_Rating"; Value = ".063 W"; VariantName = "[No Variations]"
Add component (AddParameter): Name = "Resistance"; Value = "220"; VariantName = "[No Variations]"
Add component (AddParameter): Name = "SnapEDA_Link"; Value = "https://www.snapeda.com/parts/CPF0402B220RE1/TE+Connectivity/view-part/?ref=snap"; VariantName = "[No Variations]"
Add component (AddParameter): Name = "Tolerance"; Value = ".1%"; VariantName = "[No Variations]"
Add component (AddParameter): Name = "Value"; Value = ""; VariantName = "[No Variations]"
Add component (AddParameter): Name = "Voltage_Rating"; Value = "25 V"; VariantName = "[No Variations]"
Added Component: Designator=R11(RESC6432X75N)
Add component (AddParameter): Name = "Check_prices"; Value = "https://www.snapeda.com/parts/CRS2512-FX-1000ELF/Bourns/view-part/?ref=eda"; VariantName = "[No Variations]"
Add component (AddParameter): Name = "MF"; Value = "Bourns"; VariantName = "[No Variations]"
Add component (AddParameter): Name = "MP"; Value = "CRS2512-FX-1000ELF"; VariantName = "[No Variations]"
Add component (AddParameter): Name = "Package"; Value = "6432 Bourns"; VariantName = "[No Variations]"
Add component (AddParameter): Name = "SnapEDA_Link"; Value = "https://www.snapeda.com/parts/CRS2512-FX-1000ELF/Bourns/view-part/?ref=snap"; VariantName = "[No Variations]"
Add component (AddParameter): Name = "Value"; Value = ""; VariantName = "[No Variations]"
Added Component: Designator=R12(RESC1005X35N)
Add component (AddParameter): Name = "Check_prices"; Value = "https://www.snapeda.com/parts/CPF0402B220RE1/TE+Connectivity/view-part/?ref=eda"; VariantName = "[No Variations]"
Add component (AddParameter): Name = "EU_RoHS_Compliance"; Value = "Compliant"; VariantName = "[No Variations]"
Add component (AddParameter): Name = "MF"; Value = "TE Connectivity"; VariantName = "[No Variations]"
Add component (AddParameter): Name = "MP"; Value = "CPF0402B220RE1"; VariantName = "[No Variations]"
Add component (AddParameter): Name = "Package"; Value = "0402"; VariantName = "[No Variations]"
Add component (AddParameter): Name = "Power_Rating"; Value = ".063 W"; VariantName = "[No Variations]"
Add component (AddParameter): Name = "Resistance"; Value = "220"; VariantName = "[No Variations]"
Add component (AddParameter): Name = "SnapEDA_Link"; Value = "https://www.snapeda.com/parts/CPF0402B220RE1/TE+Connectivity/view-part/?ref=snap"; VariantName = "[No Variations]"
Add component (AddParameter): Name = "Tolerance"; Value = ".1%"; VariantName = "[No Variations]"
Add component (AddParameter): Name = "Value"; Value = ""; VariantName = "[No Variations]"
Add component (AddParameter): Name = "Voltage_Rating"; Value = "25 V"; VariantName = "[No Variations]"
Added Component: Designator=R13(RESC6432X75N)
Add component (AddParameter): Name = "Check_prices"; Value = "https://www.snapeda.com/parts/CRS2512-FX-1000ELF/Bourns/view-part/?ref=eda"; VariantName = "[No Variations]"
Add component (AddParameter): Name = "MF"; Value = "Bourns"; VariantName = "[No Variations]"
Add component (AddParameter): Name = "MP"; Value = "CRS2512-FX-1000ELF"; VariantName = "[No Variations]"
Add component (AddParameter): Name = "Package"; Value = "6432 Bourns"; VariantName = "[No Variations]"
Add component (AddParameter): Name = "SnapEDA_Link"; Value = "https://www.snapeda.com/parts/CRS2512-FX-1000ELF/Bourns/view-part/?ref=snap"; VariantName = "[No Variations]"
Add component (AddParameter): Name = "Value"; Value = ""; VariantName = "[No Variations]"
Added Component: Designator=R14(RESC1005X35N)
Add component (AddParameter): Name = "Check_prices"; Value = "https://www.snapeda.com/parts/CPF0402B220RE1/TE+Connectivity/view-part/?ref=eda"; VariantName = "[No Variations]"
Add component (AddParameter): Name = "EU_RoHS_Compliance"; Value = "Compliant"; VariantName = "[No Variations]"
Add component (AddParameter): Name = "MF"; Value = "TE Connectivity"; VariantName = "[No Variations]"
Add component (AddParameter): Name = "MP"; Value = "CPF0402B220RE1"; VariantName = "[No Variations]"
Add component (AddParameter): Name = "Package"; Value = "0402"; VariantName = "[No Variations]"
Add component (AddParameter): Name = "Power_Rating"; Value = ".063 W"; VariantName = "[No Variations]"
Add component (AddParameter): Name = "Resistance"; Value = "220"; VariantName = "[No Variations]"
Add component (AddParameter): Name = "SnapEDA_Link"; Value = "https://www.snapeda.com/parts/CPF0402B220RE1/TE+Connectivity/view-part/?ref=snap"; VariantName = "[No Variations]"
Add component (AddParameter): Name = "Tolerance"; Value = ".1%"; VariantName = "[No Variations]"
Add component (AddParameter): Name = "Value"; Value = ""; VariantName = "[No Variations]"
Add component (AddParameter): Name = "Voltage_Rating"; Value = "25 V"; VariantName = "[No Variations]"
Added Component: Designator=R15(RESC6432X75N)
Add component (AddParameter): Name = "Check_prices"; Value = "https://www.snapeda.com/parts/CRS2512-FX-1000ELF/Bourns/view-part/?ref=eda"; VariantName = "[No Variations]"
Add component (AddParameter): Name = "MF"; Value = "Bourns"; VariantName = "[No Variations]"
Add component (AddParameter): Name = "MP"; Value = "CRS2512-FX-1000ELF"; VariantName = "[No Variations]"
Add component (AddParameter): Name = "Package"; Value = "6432 Bourns"; VariantName = "[No Variations]"
Add component (AddParameter): Name = "SnapEDA_Link"; Value = "https://www.snapeda.com/parts/CRS2512-FX-1000ELF/Bourns/view-part/?ref=snap"; VariantName = "[No Variations]"
Add component (AddParameter): Name = "Value"; Value = ""; VariantName = "[No Variations]"
Added Component: Designator=R16(RESC1005X35N)
Add component (AddParameter): Name = "Check_prices"; Value = "https://www.snapeda.com/parts/CPF0402B220RE1/TE+Connectivity/view-part/?ref=eda"; VariantName = "[No Variations]"
Add component (AddParameter): Name = "EU_RoHS_Compliance"; Value = "Compliant"; VariantName = "[No Variations]"
Add component (AddParameter): Name = "MF"; Value = "TE Connectivity"; VariantName = "[No Variations]"
Add component (AddParameter): Name = "MP"; Value = "CPF0402B220RE1"; VariantName = "[No Variations]"
Add component (AddParameter): Name = "Package"; Value = "0402"; VariantName = "[No Variations]"
Add component (AddParameter): Name = "Power_Rating"; Value = ".063 W"; VariantName = "[No Variations]"
Add component (AddParameter): Name = "Resistance"; Value = "220"; VariantName = "[No Variations]"
Add component (AddParameter): Name = "SnapEDA_Link"; Value = "https://www.snapeda.com/parts/CPF0402B220RE1/TE+Connectivity/view-part/?ref=snap"; VariantName = "[No Variations]"
Add component (AddParameter): Name = "Tolerance"; Value = ".1%"; VariantName = "[No Variations]"
Add component (AddParameter): Name = "Value"; Value = ""; VariantName = "[No Variations]"
Add component (AddParameter): Name = "Voltage_Rating"; Value = "25 V"; VariantName = "[No Variations]"
Added Component: Designator=R17(RESC6432X75N)
Add component (AddParameter): Name = "Check_prices"; Value = "https://www.snapeda.com/parts/CRS2512-FX-1000ELF/Bourns/view-part/?ref=eda"; VariantName = "[No Variations]"
Add component (AddParameter): Name = "MF"; Value = "Bourns"; VariantName = "[No Variations]"
Add component (AddParameter): Name = "MP"; Value = "CRS2512-FX-1000ELF"; VariantName = "[No Variations]"
Add component (AddParameter): Name = "Package"; Value = "6432 Bourns"; VariantName = "[No Variations]"
Add component (AddParameter): Name = "SnapEDA_Link"; Value = "https://www.snapeda.com/parts/CRS2512-FX-1000ELF/Bourns/view-part/?ref=snap"; VariantName = "[No Variations]"
Add component (AddParameter): Name = "Value"; Value = ""; VariantName = "[No Variations]"
Added Component: Designator=R18(RESC1005X35N)
Add component (AddParameter): Name = "Check_prices"; Value = "https://www.snapeda.com/parts/CPF0402B220RE1/TE+Connectivity/view-part/?ref=eda"; VariantName = "[No Variations]"
Add component (AddParameter): Name = "EU_RoHS_Compliance"; Value = "Compliant"; VariantName = "[No Variations]"
Add component (AddParameter): Name = "MF"; Value = "TE Connectivity"; VariantName = "[No Variations]"
Add component (AddParameter): Name = "MP"; Value = "CPF0402B220RE1"; VariantName = "[No Variations]"
Add component (AddParameter): Name = "Package"; Value = "0402"; VariantName = "[No Variations]"
Add component (AddParameter): Name = "Power_Rating"; Value = ".063 W"; VariantName = "[No Variations]"
Add component (AddParameter): Name = "Resistance"; Value = "220"; VariantName = "[No Variations]"
Add component (AddParameter): Name = "SnapEDA_Link"; Value = "https://www.snapeda.com/parts/CPF0402B220RE1/TE+Connectivity/view-part/?ref=snap"; VariantName = "[No Variations]"
Add component (AddParameter): Name = "Tolerance"; Value = ".1%"; VariantName = "[No Variations]"
Add component (AddParameter): Name = "Value"; Value = ""; VariantName = "[No Variations]"
Add component (AddParameter): Name = "Voltage_Rating"; Value = "25 V"; VariantName = "[No Variations]"
Added Pin To Net: NetName=3V3 Pin=C6-1
Added Pin To Net: NetName=3V3 Pin=C7-1
Added Pin To Net: NetName=3V3 Pin=C8-1
Added Pin To Net: NetName=3V3 Pin=C9-1
Added Pin To Net: NetName=3V3 Pin=C10-1
Added Pin To Net: NetName=3V3 Pin=C11-1
Added Pin To Net: NetName=3V3 Pin=C12-1
Added Pin To Net: NetName=3V3 Pin=C13-1
Added Pin To Net: NetName=3V3 Pin=R2-1
Added Pin To Net: NetName=3V3 Pin=R4-1
Added Pin To Net: NetName=3V3 Pin=R6-1
Added Pin To Net: NetName=3V3 Pin=R9-1
Added Pin To Net: NetName=3V3 Pin=R11-1
Added Pin To Net: NetName=3V3 Pin=R13-1
Added Pin To Net: NetName=3V3 Pin=R15-1
Added Pin To Net: NetName=3V3 Pin=R17-1
Change Net Name : Old Net Name=GND New Net Name=NetMicro Controller_1
Added Pin To Net: NetName=GND Pin=3V7-N
Added Pin To Net: NetName=GND Pin=C1-2
Added Pin To Net: NetName=GND Pin=C2-2
Added Pin To Net: NetName=GND Pin=C3-2
Added Pin To Net: NetName=GND Pin=C4-2
Added Pin To Net: NetName=GND Pin=C5-2
Added Pin To Net: NetName=GND Pin=IR2-E
Added Pin To Net: NetName=GND Pin=IR2-K
Added Pin To Net: NetName=GND Pin=IR3-E
Added Pin To Net: NetName=GND Pin=IR3-K
Added Pin To Net: NetName=GND Pin=IR4-E
Added Pin To Net: NetName=GND Pin=IR4-K
Added Pin To Net: NetName=GND Pin=IR5-E
Added Pin To Net: NetName=GND Pin=IR5-K
Added Pin To Net: NetName=GND Pin=IR6-E
Added Pin To Net: NetName=GND Pin=IR6-K
Added Pin To Net: NetName=GND Pin=IR7-E
Added Pin To Net: NetName=GND Pin=IR7-K
Added Pin To Net: NetName=GND Pin=IR8-E
Added Pin To Net: NetName=GND Pin=IR8-K
Added Net: Name=GND
Added Pin To Net: NetName=GPIO0 Pin=Micro Controller-12
Added Pin To Net: NetName=GPIO0 Pin=R3-2
Added Net: Name=GPIO0
Added Pin To Net: NetName=GPIO1 Pin=Micro Controller-13
Added Pin To Net: NetName=GPIO1 Pin=R5-2
Added Net: Name=GPIO1
Added Pin To Net: NetName=GPIO2 Pin=Micro Controller-5
Added Pin To Net: NetName=GPIO2 Pin=R8-2
Added Net: Name=GPIO2
Added Pin To Net: NetName=GPIO3 Pin=Micro Controller-6
Added Pin To Net: NetName=GPIO3 Pin=R10-2
Added Net: Name=GPIO3
Added Pin To Net: NetName=NetC6_2 Pin=C6-2
Added Pin To Net: NetName=NetC6_2 Pin=IR1-C
Added Pin To Net: NetName=NetC6_2 Pin=R3-1
Added Net: Name=NetC6_2
Added Pin To Net: NetName=NetC7_2 Pin=C7-2
Added Pin To Net: NetName=NetC7_2 Pin=IR2-C
Added Pin To Net: NetName=NetC7_2 Pin=R5-1
Added Net: Name=NetC7_2
Added Pin To Net: NetName=NetC8_2 Pin=C8-2
Added Pin To Net: NetName=NetC8_2 Pin=IR3-C
Added Pin To Net: NetName=NetC8_2 Pin=R8-1
Added Net: Name=NetC8_2
Added Pin To Net: NetName=NetC9_2 Pin=C9-2
Added Pin To Net: NetName=NetC9_2 Pin=IR4-C
Added Pin To Net: NetName=NetC9_2 Pin=R10-1
Added Net: Name=NetC9_2
Added Pin To Net: NetName=NetC10_2 Pin=C10-2
Added Pin To Net: NetName=NetC10_2 Pin=IR5-C
Added Pin To Net: NetName=NetC10_2 Pin=R12-1
Added Net: Name=NetC10_2
Added Pin To Net: NetName=NetC11_2 Pin=C11-2
Added Pin To Net: NetName=NetC11_2 Pin=IR7-C
Added Pin To Net: NetName=NetC11_2 Pin=R16-1
Added Net: Name=NetC11_2
Added Pin To Net: NetName=NetC12_2 Pin=C12-2
Added Pin To Net: NetName=NetC12_2 Pin=IR6-C
Added Pin To Net: NetName=NetC12_2 Pin=R14-1
Added Net: Name=NetC12_2
Added Pin To Net: NetName=NetC13_2 Pin=C13-2
Added Pin To Net: NetName=NetC13_2 Pin=IR8-C
Added Pin To Net: NetName=NetC13_2 Pin=R18-1
Added Net: Name=NetC13_2
Added Pin To Net: NetName=NetIR1_A Pin=IR1-A
Added Pin To Net: NetName=NetIR1_A Pin=R2-2
Added Net: Name=NetIR1_A
Added Pin To Net: NetName=NetIR1_E Pin=IR1-E
Added Pin To Net: NetName=NetIR1_E Pin=IR1-K
Added Net: Name=NetIR1_E
Added Pin To Net: NetName=NetIR2_A Pin=IR2-A
Added Pin To Net: NetName=NetIR2_A Pin=R4-2
Added Net: Name=NetIR2_A
Added Pin To Net: NetName=NetIR3_A Pin=IR3-A
Added Pin To Net: NetName=NetIR3_A Pin=R6-2
Added Net: Name=NetIR3_A
Added Pin To Net: NetName=NetIR4_A Pin=IR4-A
Added Pin To Net: NetName=NetIR4_A Pin=R9-2
Added Net: Name=NetIR4_A
Added Pin To Net: NetName=NetIR5_A Pin=IR5-A
Added Pin To Net: NetName=NetIR5_A Pin=R11-2
Added Net: Name=NetIR5_A
Added Pin To Net: NetName=NetIR6_A Pin=IR6-A
Added Pin To Net: NetName=NetIR6_A Pin=R13-2
Added Net: Name=NetIR6_A
Added Pin To Net: NetName=NetIR7_A Pin=IR7-A
Added Pin To Net: NetName=NetIR7_A Pin=R15-2
Added Net: Name=NetIR7_A
Added Pin To Net: NetName=NetIR8_A Pin=IR8-A
Added Pin To Net: NetName=NetIR8_A Pin=R17-2
Added Net: Name=NetIR8_A
Added Pin To Net: NetName=NetMicro Controller_18 Pin=Micro Controller-18
Added Pin To Net: NetName=NetMicro Controller_18 Pin=R12-2
Added Net: Name=NetMicro Controller_18
Added Pin To Net: NetName=NetMicro Controller_19 Pin=Micro Controller-19
Added Pin To Net: NetName=NetMicro Controller_19 Pin=R14-2
Added Net: Name=NetMicro Controller_19
Added Pin To Net: NetName=NetMicro Controller_20 Pin=Micro Controller-20
Added Pin To Net: NetName=NetMicro Controller_20 Pin=R16-2
Added Net: Name=NetMicro Controller_20
Added Pin To Net: NetName=NetMicro Controller_21 Pin=Micro Controller-21
Added Pin To Net: NetName=NetMicro Controller_21 Pin=R18-2
Added Net: Name=NetMicro Controller_21
Added Class: Name=Sheet2
Added Room: Name=Sheet2
